#
# A fatal error has been detected by the Java Runtime Environment:
#
#  SIGSEGV (0xb) at pc=0x0000000113a0a460, pid=2453, tid=0x0000000000000103
#
# JRE version: Java(TM) SE Runtime Environment (8.0_291-b10) (build 1.8.0_291-b10)
# Java VM: Java HotSpot(TM) 64-Bit Server VM (25.291-b10 mixed mode bsd-amd64 compressed oops)
# Problematic frame:
# J 3931 C2 model.ParqueDelCafe.findGame(Lmodel/Visitor;Lmodel/Game;)Lmodel/Game; (23 bytes) @ 0x0000000113a0a460 [0x0000000113a0a440+0x20]
#
# Failed to write core dump. Core dumps have been disabled. To enable core dumping, try "ulimit -c unlimited" before starting Java again
#
# If you would like to submit a bug report, please visit:
#   http://bugreport.java.com/bugreport/crash.jsp
#

---------------  T H R E A D  ---------------

Current thread (0x00007ff3c912a000):  JavaThread "JavaFX Application Thread" [_thread_in_Java, id=259, stack(0x000000030c77c000,0x000000030cf7c000)]

siginfo: si_signo: 11 (SIGSEGV), si_code: 1 (SEGV_MAPERR), si_addr: 0x000000030c77ffe8

Registers:
RAX=0x0000000113a0a460, RBX=0x00000000d838e7dd, RCX=0x00000006c1c73f50, RDX=0x00000006c1c73cb0
RSP=0x000000030c793fe8, RBP=0x000000030cf1a5c8, RSI=0x00000006c1c73ad8, RDI=0x00000006c1c73ad8
R8 =0x00000000d838e7a5, R9 =0x0000000000000000, R10=0x00000000d838e7ea, R11=0x00000006c1c73ad8
R12=0x0000000000000000, R13=0x000000030cf1a570, R14=0x000000012b907080, R15=0x00007ff3c912a000
RIP=0x0000000113a0a460, EFLAGS=0x0000000000000206, ERR=0x0000000000000006
  TRAPNO=0x000000000000000e

Top of Stack: (sp=0x000000030c793fe8)
0x000000030c793fe8:   0000000113a0a4a0 0000000000000000
0x000000030c793ff8:   0000000000000000 0000000000000000
0x000000030c794008:   0000000000000000 0000000000000000
0x000000030c794018:   0000000000000000 000000030cf1a5c8
0x000000030c794028:   0000000113a0a4a0 0000000000000000
0x000000030c794038:   0000000000000000 0000000000000000
0x000000030c794048:   0000000000000000 0000000000000000
0x000000030c794058:   0000000000000000 000000030cf1a5c8
0x000000030c794068:   0000000113a0a4a0 0000000000000000
0x000000030c794078:   0000000000000000 0000000000000000
0x000000030c794088:   0000000000000000 0000000000000000
0x000000030c794098:   0000000000000000 000000030cf1a5c8
0x000000030c7940a8:   0000000113a0a4a0 0000000000000000
0x000000030c7940b8:   0000000000000000 0000000000000000
0x000000030c7940c8:   0000000000000000 0000000000000000
0x000000030c7940d8:   0000000000000000 000000030cf1a5c8
0x000000030c7940e8:   0000000113a0a4a0 0000000000000000
0x000000030c7940f8:   0000000000000000 0000000000000000
0x000000030c794108:   0000000000000000 0000000000000000
0x000000030c794118:   0000000000000000 000000030cf1a5c8
0x000000030c794128:   0000000113a0a4a0 0000000000000000
0x000000030c794138:   0000000000000000 0000000000000000
0x000000030c794148:   0000000000000000 0000000000000000
0x000000030c794158:   0000000000000000 000000030cf1a5c8
0x000000030c794168:   0000000113a0a4a0 0000000000000000
0x000000030c794178:   0000000000000000 0000000000000000
0x000000030c794188:   0000000000000000 0000000000000000
0x000000030c794198:   0000000000000000 000000030cf1a5c8
0x000000030c7941a8:   0000000113a0a4a0 0000000000000000
0x000000030c7941b8:   0000000000000000 0000000000000000
0x000000030c7941c8:   0000000000000000 0000000000000000
0x000000030c7941d8:   0000000000000000 000000030cf1a5c8 

Instructions: (pc=0x0000000113a0a460)
0x0000000113a0a440:   44 8b 56 08 49 c1 e2 03 49 3b c2 0f 85 0f 9a 41
0x0000000113a0a450:   ff 66 66 90 0f 1f 84 00 00 00 00 00 66 66 66 90
0x0000000113a0a460:   89 84 24 00 c0 fe ff 55 48 83 ec 30 4c 8b de 44
0x0000000113a0a470:   8b 42 28 45 85 c0 74 34 4f 8d 14 c4 45 33 c9 4c 

Register to memory mapping:

RAX=0x0000000113a0a460 is at entry_point+32 in (nmethod*)0x0000000113a0a2d0
RBX=0x00000000d838e7dd is an unknown value
RCX=0x00000006c1c73f50 is an oop
model.Game 
 - klass: 'model/Game'
RDX=0x00000006c1c73cb0 is an oop
model.Visitor 
 - klass: 'model/Visitor'
RSP=0x000000030c793fe8 is pointing into the stack for thread: 0x00007ff3c912a000
RBP=0x000000030cf1a5c8 is pointing into the stack for thread: 0x00007ff3c912a000
RSI=0x00000006c1c73ad8 is an oop
model.ParqueDelCafe 
 - klass: 'model/ParqueDelCafe'
RDI=0x00000006c1c73ad8 is an oop
model.ParqueDelCafe 
 - klass: 'model/ParqueDelCafe'
R8 =0x00000000d838e7a5 is an unknown value
R9 =0x0000000000000000 is an unknown value
R10=0x00000000d838e7ea is an unknown value
R11=0x00000006c1c73ad8 is an oop
model.ParqueDelCafe 
 - klass: 'model/ParqueDelCafe'
R12=0x0000000000000000 is an unknown value
R13=0x000000030cf1a570 is pointing into the stack for thread: 0x00007ff3c912a000
R14=0x000000012b907080 is pointing into metadata
R15=0x00007ff3c912a000 is a thread


Stack: [0x000000030c77c000,0x000000030cf7c000],  sp=0x000000030c793fe8,  free space=95k
Native frames: (J=compiled Java code, j=interpreted, Vv=VM code, C=native code)
J 3931 C2 model.ParqueDelCafe.findGame(Lmodel/Visitor;Lmodel/Game;)Lmodel/Game; (23 bytes) @ 0x0000000113a0a460 [0x0000000113a0a440+0x20]
C  0x000000030cf1a5c8


---------------  P R O C E S S  ---------------

Java Threads: ( => current thread )
  0x00007ff3c8488800 JavaThread "PulseTimer-CVDisplayLink thread" daemon [_thread_in_native, id=79003, stack(0x000000030e65b000,0x000000030e6db000)]
  0x00007ff3c8231000 JavaThread "Prism Font Disposer" daemon [_thread_blocked, id=61267, stack(0x000000030ea76000,0x000000030eb76000)]
  0x00007ff3c816b800 JavaThread "JavaFX-Launcher" [_thread_blocked, id=59695, stack(0x000000030e973000,0x000000030ea73000)]
=>0x00007ff3c912a000 JavaThread "JavaFX Application Thread" [_thread_in_Java, id=259, stack(0x000000030c77c000,0x000000030cf7c000)]
  0x00007ff3c80d5000 JavaThread "Thread-1" daemon [_thread_blocked, id=30327, stack(0x000000030e6e3000,0x000000030e7e3000)]
  0x00007ff3ca832800 JavaThread "QuantumRenderer-0" daemon [_thread_blocked, id=24587, stack(0x000000030e448000,0x000000030e548000)]
  0x00007ff3c785b800 JavaThread "Service Thread" daemon [_thread_blocked, id=42247, stack(0x000000030e242000,0x000000030e342000)]
  0x00007ff3c903a800 JavaThread "C1 CompilerThread3" daemon [_thread_blocked, id=42755, stack(0x000000030e13f000,0x000000030e23f000)]
  0x00007ff3c9030000 JavaThread "C2 CompilerThread2" daemon [_thread_blocked, id=22531, stack(0x000000030e03c000,0x000000030e13c000)]
  0x00007ff3c782a800 JavaThread "C2 CompilerThread1" daemon [_thread_blocked, id=43011, stack(0x000000030df39000,0x000000030e039000)]
  0x00007ff3c7829000 JavaThread "C2 CompilerThread0" daemon [_thread_blocked, id=22019, stack(0x000000030de36000,0x000000030df36000)]
  0x00007ff3c9033000 JavaThread "Signal Dispatcher" daemon [_thread_blocked, id=15619, stack(0x000000030dd33000,0x000000030de33000)]
  0x00007ff3c901b000 JavaThread "Finalizer" daemon [_thread_blocked, id=17951, stack(0x000000030db21000,0x000000030dc21000)]
  0x00007ff3c8030800 JavaThread "Reference Handler" daemon [_thread_blocked, id=18723, stack(0x000000030da1e000,0x000000030db1e000)]
  0x00007ff3ca809000 JavaThread "main" [_thread_blocked, id=6147, stack(0x000000030d000000,0x000000030d100000)]

Other Threads:
  0x00007ff3c7814800 VMThread [stack: 0x000000030d91b000,0x000000030da1b000] [id=13315]
  0x00007ff3c9034000 WatcherThread [stack: 0x000000030e345000,0x000000030e445000] [id=23563]

VM state:not at safepoint (normal execution)

VM Mutex/Monitor currently owned by a thread: None

heap address: 0x00000006c0000000, size: 4096 MB, Compressed Oops mode: Zero based, Oop shift amount: 3
Narrow klass base: 0x0000000000000000, Narrow klass shift: 3
Compressed class space size: 1073741824 Address: 0x00000007c0000000

Heap:
 PSYoungGen      total 76288K, used 20958K [0x000000076ab00000, 0x0000000770000000, 0x00000007c0000000)
  eden space 65536K, 31% used [0x000000076ab00000,0x000000076bf77958,0x000000076eb00000)
  from space 10752K, 0% used [0x000000076f580000,0x000000076f580000,0x0000000770000000)
  to   space 10752K, 0% used [0x000000076eb00000,0x000000076eb00000,0x000000076f580000)
 ParOldGen       total 117760K, used 31829K [0x00000006c0000000, 0x00000006c7300000, 0x000000076ab00000)
  object space 117760K, 27% used [0x00000006c0000000,0x00000006c1f156d0,0x00000006c7300000)
 Metaspace       used 20981K, capacity 22560K, committed 22784K, reserved 1069056K
  class space    used 2954K, capacity 3237K, committed 3328K, reserved 1048576K

Card table byte_map: [0x0000000121dde000,0x00000001225df000] byte_map_base: 0x000000011e7de000

Marking Bits: (ParMarkBitMap*) 0x0000000111723288
 Begin Bits: [0x0000000122b35000, 0x0000000126b35000)
 End Bits:   [0x0000000126b35000, 0x000000012ab35000)

Polling page: 0x000000010c919000

CodeCache: size=245760Kb used=12637Kb max_used=12648Kb free=233122Kb
 bounds [0x0000000112dde000, 0x0000000113a4e000, 0x0000000121dde000]
 total_blobs=4552 nmethods=3897 adapters=569
 compilation: enabled

Compilation events (10 events):
Event: 24.472 Thread 0x00007ff3c903a800 3927       1       com.sun.javafx.tk.quantum.PaintRenderJob::getScene (5 bytes)
Event: 24.472 Thread 0x00007ff3c903a800 nmethod 3927 0x0000000113a0cad0 code [0x0000000113a0cc20, 0x0000000113a0cd30]
Event: 24.516 Thread 0x00007ff3c903a800 3930       3       model.ParqueDelCafe::findGame (23 bytes)
Event: 24.517 Thread 0x00007ff3c903a800 nmethod 3930 0x0000000113a0c1d0 code [0x0000000113a0c380, 0x0000000113a0c8e8]
Event: 24.518 Thread 0x00007ff3c903a800 3928       1       model.Visitor::getInGame (5 bytes)
Event: 24.518 Thread 0x00007ff3c903a800 nmethod 3928 0x0000000113a0bf10 code [0x0000000113a0c060, 0x0000000113a0c170]
Event: 24.518 Thread 0x00007ff3c903a800 3929       1       model.Game::getnextGame (5 bytes)
Event: 24.518 Thread 0x00007ff3c903a800 nmethod 3929 0x0000000113a0bc50 code [0x0000000113a0bda0, 0x0000000113a0beb0]
Event: 24.518 Thread 0x00007ff3c782a800 3931       4       model.ParqueDelCafe::findGame (23 bytes)
Event: 24.519 Thread 0x00007ff3c782a800 nmethod 3931 0x0000000113a0a2d0 code [0x0000000113a0a440, 0x0000000113a0a588]

GC Heap History (6 events):
Event: 10.438 GC heap before
{Heap before GC invocations=1 (full 0):
 PSYoungGen      total 76288K, used 65536K [0x000000076ab00000, 0x0000000770000000, 0x00000007c0000000)
  eden space 65536K, 100% used [0x000000076ab00000,0x000000076eb00000,0x000000076eb00000)
  from space 10752K, 0% used [0x000000076f580000,0x000000076f580000,0x0000000770000000)
  to   space 10752K, 0% used [0x000000076eb00000,0x000000076eb00000,0x000000076f580000)
 ParOldGen       total 175104K, used 0K [0x00000006c0000000, 0x00000006cab00000, 0x000000076ab00000)
  object space 175104K, 0% used [0x00000006c0000000,0x00000006c0000000,0x00000006cab00000)
 Metaspace       used 18336K, capacity 19294K, committed 19456K, reserved 1067008K
  class space    used 2552K, capacity 2744K, committed 2816K, reserved 1048576K
Event: 10.481 GC heap after
Heap after GC invocations=1 (full 0):
 PSYoungGen      total 76288K, used 10738K [0x000000076ab00000, 0x0000000770000000, 0x00000007c0000000)
  eden space 65536K, 0% used [0x000000076ab00000,0x000000076ab00000,0x000000076eb00000)
  from space 10752K, 99% used [0x000000076eb00000,0x000000076f57ca58,0x000000076f580000)
  to   space 10752K, 0% used [0x000000076f580000,0x000000076f580000,0x0000000770000000)
 ParOldGen       total 175104K, used 9492K [0x00000006c0000000, 0x00000006cab00000, 0x000000076ab00000)
  object space 175104K, 5% used [0x00000006c0000000,0x00000006c09450c0,0x00000006cab00000)
 Metaspace       used 18336K, capacity 19294K, committed 19456K, reserved 1067008K
  class space    used 2552K, capacity 2744K, committed 2816K, reserved 1048576K
}
Event: 17.282 GC heap before
{Heap before GC invocations=2 (full 0):
 PSYoungGen      total 76288K, used 44387K [0x000000076ab00000, 0x0000000770000000, 0x00000007c0000000)
  eden space 65536K, 51% used [0x000000076ab00000,0x000000076cbdc488,0x000000076eb00000)
  from space 10752K, 99% used [0x000000076eb00000,0x000000076f57ca58,0x000000076f580000)
  to   space 10752K, 0% used [0x000000076f580000,0x000000076f580000,0x0000000770000000)
 ParOldGen       total 175104K, used 9492K [0x00000006c0000000, 0x00000006cab00000, 0x000000076ab00000)
  object space 175104K, 5% used [0x00000006c0000000,0x00000006c09450c0,0x00000006cab00000)
 Metaspace       used 19947K, capacity 21246K, committed 21296K, reserved 1067008K
  class space    used 2808K, capacity 3044K, committed 3072K, reserved 1048576K
Event: 17.325 GC heap after
Heap after GC invocations=2 (full 0):
 PSYoungGen      total 76288K, used 10721K [0x000000076ab00000, 0x0000000770000000, 0x00000007c0000000)
  eden space 65536K, 0% used [0x000000076ab00000,0x000000076ab00000,0x000000076eb00000)
  from space 10752K, 99% used [0x000000076f580000,0x000000076fff8790,0x0000000770000000)
  to   space 10752K, 0% used [0x000000076eb00000,0x000000076eb00000,0x000000076f580000)
 ParOldGen       total 175104K, used 27596K [0x00000006c0000000, 0x00000006cab00000, 0x000000076ab00000)
  object space 175104K, 15% used [0x00000006c0000000,0x00000006c1af3000,0x00000006cab00000)
 Metaspace       used 19947K, capacity 21246K, committed 21296K, reserved 1067008K
  class space    used 2808K, capacity 3044K, committed 3072K, reserved 1048576K
}
Event: 17.325 GC heap before
{Heap before GC invocations=3 (full 1):
 PSYoungGen      total 76288K, used 10721K [0x000000076ab00000, 0x0000000770000000, 0x00000007c0000000)
  eden space 65536K, 0% used [0x000000076ab00000,0x000000076ab00000,0x000000076eb00000)
  from space 10752K, 99% used [0x000000076f580000,0x000000076fff8790,0x0000000770000000)
  to   space 10752K, 0% used [0x000000076eb00000,0x000000076eb00000,0x000000076f580000)
 ParOldGen       total 175104K, used 27596K [0x00000006c0000000, 0x00000006cab00000, 0x000000076ab00000)
  object space 175104K, 15% used [0x00000006c0000000,0x00000006c1af3000,0x00000006cab00000)
 Metaspace       used 19947K, capacity 21246K, committed 21296K, reserved 1067008K
  class space    used 2808K, capacity 3044K, committed 3072K, reserved 1048576K
Event: 17.360 GC heap after
Heap after GC invocations=3 (full 1):
 PSYoungGen      total 76288K, used 0K [0x000000076ab00000, 0x0000000770000000, 0x00000007c0000000)
  eden space 65536K, 0% used [0x000000076ab00000,0x000000076ab00000,0x000000076eb00000)
  from space 10752K, 0% used [0x000000076f580000,0x000000076f580000,0x0000000770000000)
  to   space 10752K, 0% used [0x000000076eb00000,0x000000076eb00000,0x000000076f580000)
 ParOldGen       total 117760K, used 31829K [0x00000006c0000000, 0x00000006c7300000, 0x000000076ab00000)
  object space 117760K, 27% used [0x00000006c0000000,0x00000006c1f156d0,0x00000006c7300000)
 Metaspace       used 19947K, capacity 21246K, committed 21296K, reserved 1067008K
  class space    used 2808K, capacity 3044K, committed 3072K, reserved 1048576K
}

Deoptimization events (10 events):
Event: 18.408 Thread 0x00007ff3ca832800 Uncommon trap: reason=unstable_if action=reinterpret pc=0x00000001134132a4 method=com.sun.javafx.geom.RectBounds.isEmpty()Z @ 21
Event: 18.549 Thread 0x00007ff3c912a000 Uncommon trap: reason=unstable_if action=reinterpret pc=0x00000001136c6438 method=javafx.scene.Node$MiscProperties.getEffect()Ljavafx/scene/effect/Effect; @ 4
Event: 19.279 Thread 0x00007ff3c912a000 Uncommon trap: reason=class_check action=maybe_recompile pc=0x00000001137ce100 method=javafx.scene.CssStyleHelper.lookup(Ljavafx/css/Styleable;Ljavafx/css/CssMetaData;Lcom/sun/javafx/css/StyleMap;Ljava/util/Set;Ljavafx/css/Styleable;Lcom/sun/javafx/css/Ca
Event: 19.283 Thread 0x00007ff3c912a000 Uncommon trap: reason=class_check action=maybe_recompile pc=0x00000001137ce100 method=javafx.scene.CssStyleHelper.lookup(Ljavafx/css/Styleable;Ljavafx/css/CssMetaData;Lcom/sun/javafx/css/StyleMap;Ljava/util/Set;Ljavafx/css/Styleable;Lcom/sun/javafx/css/Ca
Event: 19.286 Thread 0x00007ff3c912a000 Uncommon trap: reason=class_check action=maybe_recompile pc=0x00000001137ce100 method=javafx.scene.CssStyleHelper.lookup(Ljavafx/css/Styleable;Ljavafx/css/CssMetaData;Lcom/sun/javafx/css/StyleMap;Ljava/util/Set;Ljavafx/css/Styleable;Lcom/sun/javafx/css/Ca
Event: 19.288 Thread 0x00007ff3c912a000 Uncommon trap: reason=array_check action=maybe_recompile pc=0x0000000113906a64 method=com.sun.javafx.css.CompoundSelector.applies(Ljavafx/css/Styleable;[Ljava/util/Set;I)Z @ 128
Event: 19.288 Thread 0x00007ff3c912a000 Uncommon trap: reason=array_check action=maybe_recompile pc=0x0000000113906a64 method=com.sun.javafx.css.CompoundSelector.applies(Ljavafx/css/Styleable;[Ljava/util/Set;I)Z @ 128
Event: 19.288 Thread 0x00007ff3c912a000 Uncommon trap: reason=array_check action=maybe_recompile pc=0x0000000113906a64 method=com.sun.javafx.css.CompoundSelector.applies(Ljavafx/css/Styleable;[Ljava/util/Set;I)Z @ 128
Event: 19.288 Thread 0x00007ff3c912a000 Uncommon trap: reason=array_check action=maybe_recompile pc=0x0000000113906a64 method=com.sun.javafx.css.CompoundSelector.applies(Ljavafx/css/Styleable;[Ljava/util/Set;I)Z @ 128
Event: 23.306 Thread 0x00007ff3c912a000 Uncommon trap: reason=unstable_if action=reinterpret pc=0x00000001134d14bc method=com.sun.javafx.geom.RectBounds.isEmpty()Z @ 21

Classes redefined (0 events):
No events

Internal exceptions (10 events):
Event: 17.104 Thread 0x00007ff3c912a000 Exception <a 'java/io/FileNotFoundException'> (0x000000076c489790) thrown at [/System/Volumes/Data/jenkins/workspace/8-2-build-macosx-x86_64/jdk8u291/1294/hotspot/src/share/vm/prims/jni.cpp, line 710]
Event: 17.112 Thread 0x00007ff3c912a000 Exception <a 'java/io/FileNotFoundException'> (0x000000076c4a2678) thrown at [/System/Volumes/Data/jenkins/workspace/8-2-build-macosx-x86_64/jdk8u291/1294/hotspot/src/share/vm/prims/jni.cpp, line 710]
Event: 17.126 Thread 0x00007ff3c912a000 Exception <a 'java/io/FileNotFoundException'> (0x000000076c4aca50) thrown at [/System/Volumes/Data/jenkins/workspace/8-2-build-macosx-x86_64/jdk8u291/1294/hotspot/src/share/vm/prims/jni.cpp, line 710]
Event: 20.240 Thread 0x00007ff3c912a000 Exception <a 'java/io/FileNotFoundException'> (0x000000076b29a290) thrown at [/System/Volumes/Data/jenkins/workspace/8-2-build-macosx-x86_64/jdk8u291/1294/hotspot/src/share/vm/prims/jni.cpp, line 710]
Event: 20.267 Thread 0x00007ff3c912a000 Exception <a 'java/io/FileNotFoundException'> (0x000000076b2de048) thrown at [/System/Volumes/Data/jenkins/workspace/8-2-build-macosx-x86_64/jdk8u291/1294/hotspot/src/share/vm/prims/jni.cpp, line 710]
Event: 20.274 Thread 0x00007ff3c912a000 Exception <a 'java/io/FileNotFoundException'> (0x000000076b4b7de8) thrown at [/System/Volumes/Data/jenkins/workspace/8-2-build-macosx-x86_64/jdk8u291/1294/hotspot/src/share/vm/prims/jni.cpp, line 710]
Event: 20.283 Thread 0x00007ff3c912a000 Exception <a 'java/io/FileNotFoundException'> (0x000000076b5adf30) thrown at [/System/Volumes/Data/jenkins/workspace/8-2-build-macosx-x86_64/jdk8u291/1294/hotspot/src/share/vm/prims/jni.cpp, line 710]
Event: 21.212 Thread 0x00007ff3c912a000 Exception <a 'java/io/FileNotFoundException'> (0x000000076b7340e0) thrown at [/System/Volumes/Data/jenkins/workspace/8-2-build-macosx-x86_64/jdk8u291/1294/hotspot/src/share/vm/prims/jni.cpp, line 710]
Event: 21.217 Thread 0x00007ff3c912a000 Exception <a 'java/io/FileNotFoundException'> (0x000000076b74cfc8) thrown at [/System/Volumes/Data/jenkins/workspace/8-2-build-macosx-x86_64/jdk8u291/1294/hotspot/src/share/vm/prims/jni.cpp, line 710]
Event: 21.228 Thread 0x00007ff3c912a000 Exception <a 'java/io/FileNotFoundException'> (0x000000076b757420) thrown at [/System/Volumes/Data/jenkins/workspace/8-2-build-macosx-x86_64/jdk8u291/1294/hotspot/src/share/vm/prims/jni.cpp, line 710]

Events (10 events):
Event: 22.020 Executing VM operation: RevokeBias done
Event: 22.908 Thread 0x00007ff3ca01a000 Thread exited: 0x00007ff3ca01a000
Event: 23.051 Thread 0x00007ff3ca01a000 Thread added: 0x00007ff3ca01a000
Event: 23.306 Thread 0x00007ff3c912a000 Uncommon trap: trap_request=0xffffff65 fr.pc=0x00000001134d14bc
Event: 23.306 Thread 0x00007ff3c912a000 DEOPT PACKING pc=0x00000001134d14bc sp=0x000000030cf72330
Event: 23.306 Thread 0x00007ff3c912a000 DEOPT UNPACKING pc=0x0000000112e2373a sp=0x000000030cf72288 mode 2
Event: 23.336 Executing VM operation: RevokeBias
Event: 23.336 Executing VM operation: RevokeBias done
Event: 23.951 Thread 0x00007ff3ca01a000 Thread exited: 0x00007ff3ca01a000
Event: 23.991 Thread 0x00007ff3c8488800 Thread added: 0x00007ff3c8488800


Dynamic libraries:
0x00007ffdffc58000 	/Library/Apple/usr/libexec/oah/runtime
0x00007fff3510e000 	/System/Library/Frameworks/Cocoa.framework/Versions/A/Cocoa
0x00007fff220e0000 	/System/Library/Frameworks/Security.framework/Versions/A/Security
0x00007fff3331b000 	/System/Library/Frameworks/ApplicationServices.framework/Versions/A/ApplicationServices
0x00007fff2a5a7000 	/usr/lib/libz.1.dylib
0x00007fff2a673000 	/usr/lib/libSystem.B.dylib
0x00007fff203a2000 	/System/Library/Frameworks/CoreFoundation.framework/Versions/A/CoreFoundation
0x00007fff21079000 	/System/Library/Frameworks/Foundation.framework/Versions/C/Foundation
0x00007fff201c2000 	/usr/lib/libobjc.A.dylib
0x00007fff22b0e000 	/System/Library/Frameworks/AppKit.framework/Versions/C/AppKit
0x00007fff259f5000 	/System/Library/Frameworks/CoreData.framework/Versions/A/CoreData
0x00007fff23857000 	/System/Library/PrivateFrameworks/UIFoundation.framework/Versions/A/UIFoundation
0x00007fff2fdf1000 	/System/Library/PrivateFrameworks/RemoteViewServices.framework/Versions/A/RemoteViewServices
0x00007fff28ba1000 	/System/Library/PrivateFrameworks/XCTTargetBootstrap.framework/Versions/A/XCTTargetBootstrap
0x00007fff2b8f3000 	/usr/lib/libspindump.dylib
0x00007fff23aa6000 	/System/Library/Frameworks/UniformTypeIdentifiers.framework/Versions/A/UniformTypeIdentifiers
0x00007fff273a1000 	/usr/lib/libapp_launch_measurement.dylib
0x00007fff273a4000 	/System/Library/PrivateFrameworks/CoreAutoLayout.framework/Versions/A/CoreAutoLayout
0x00007fff28504000 	/System/Library/Frameworks/Metal.framework/Versions/A/Metal
0x00007fff29202000 	/usr/lib/liblangid.dylib
0x00007fff28ba5000 	/System/Library/PrivateFrameworks/CoreSVG.framework/Versions/A/CoreSVG
0x00007fff24ae5000 	/System/Library/PrivateFrameworks/SkyLight.framework/Versions/A/SkyLight
0x00007fff24e4a000 	/System/Library/Frameworks/CoreGraphics.framework/Versions/A/CoreGraphics
0x00007fff30318000 	/System/Library/Frameworks/Accelerate.framework/Versions/A/Accelerate
0x00007fff2b331000 	/System/Library/PrivateFrameworks/IconServices.framework/Versions/A/IconServices
0x00007fff284e8000 	/System/Library/Frameworks/IOSurface.framework/Versions/A/IOSurface
0x00007fff26389000 	/usr/lib/libDiagnosticMessagesClient.dylib
0x00007fff28b8d000 	/System/Library/PrivateFrameworks/DFRFoundation.framework/Versions/A/DFRFoundation
0x00007fff22435000 	/usr/lib/libicucore.A.dylib
0x00007fff2ce38000 	/System/Library/Frameworks/AudioToolbox.framework/Versions/A/AudioToolbox
0x00007fff2c0c2000 	/System/Library/PrivateFrameworks/DataDetectorsCore.framework/Versions/A/DataDetectorsCore
0x00007fff24a59000 	/usr/lib/libMobileGestalt.dylib
0x00007fff28891000 	/System/Library/Frameworks/Carbon.framework/Versions/A/Frameworks/HIToolbox.framework/Versions/A/HIToolbox
0x00007fff26de7000 	/System/Library/Frameworks/QuartzCore.framework/Versions/A/QuartzCore
0x00007fff2fe29000 	/System/Library/Frameworks/Carbon.framework/Versions/A/Frameworks/SpeechRecognition.framework/Versions/A/SpeechRecognition
0x00007fff27106000 	/System/Library/PrivateFrameworks/CoreUI.framework/Versions/A/CoreUI
0x00007fff21a4f000 	/System/Library/Frameworks/CoreAudio.framework/Versions/A/CoreAudio
0x00007fff26474000 	/System/Library/Frameworks/DiskArbitration.framework/Versions/A/DiskArbitration
0x00007fff2bcc0000 	/System/Library/PrivateFrameworks/MultitouchSupport.framework/Versions/A/MultitouchSupport
0x00007fff2c0b9000 	/System/Library/PrivateFrameworks/InternationalSupport.framework/Versions/A/InternationalSupport
0x00007fff24a58000 	/usr/lib/libenergytrace.dylib
0x00007fff22a05000 	/System/Library/Frameworks/IOKit.framework/Versions/A/IOKit
0x00007fff3015c000 	/System/Library/Frameworks/CoreServices.framework/Versions/A/CoreServices
0x00007fff27333000 	/System/Library/PrivateFrameworks/PerformanceAnalysis.framework/Versions/A/PerformanceAnalysis
0x00007fff6bc1e000 	/System/Library/Frameworks/OpenGL.framework/Versions/A/OpenGL
0x00007fff2c13d000 	/System/Library/PrivateFrameworks/UserActivity.framework/Versions/A/UserActivity
0x00007fff254fc000 	/System/Library/Frameworks/ColorSync.framework/Versions/A/ColorSync
0x00007fff28e10000 	/System/Library/Frameworks/CoreImage.framework/Versions/A/CoreImage
0x00007fff21869000 	/System/Library/Frameworks/CoreText.framework/Versions/A/CoreText
0x00007fff28bcf000 	/System/Library/Frameworks/ImageIO.framework/Versions/A/ImageIO
0x00007fff2a679000 	/System/Library/PrivateFrameworks/SoftLinking.framework/Versions/A/SoftLinking
0x00007fff273ec000 	/usr/lib/libxml2.2.dylib
0x00007fff20288000 	/usr/lib/libc++.1.dylib
0x00007fff2a8e6000 	/usr/lib/libcompression.dylib
0x00007fff2bfeb000 	/System/Library/PrivateFrameworks/TextureIO.framework/Versions/A/TextureIO
0x00007fff2afd6000 	/usr/lib/libate.dylib
0x00007fff2a66d000 	/usr/lib/system/libcache.dylib
0x00007fff2a629000 	/usr/lib/system/libcommonCrypto.dylib
0x00007fff2a653000 	/usr/lib/system/libcompiler_rt.dylib
0x00007fff2a648000 	/usr/lib/system/libcopyfile.dylib
0x00007fff200b2000 	/usr/lib/system/libcorecrypto.dylib
0x00007fff2017d000 	/usr/lib/system/libdispatch.dylib
0x00007fff20330000 	/usr/lib/system/libdyld.dylib
0x00007fff2a664000 	/usr/lib/system/libkeymgr.dylib
0x00007fff2dbcf000 	/usr/lib/system/liblaunch.dylib
0x00007fff2a607000 	/usr/lib/system/libmacho.dylib
0x00007fff29dfb000 	/usr/lib/system/libquarantine.dylib
0x00007fff2a661000 	/usr/lib/system/libremovefile.dylib
0x00007fff24ab6000 	/usr/lib/system/libsystem_asl.dylib
0x00007fff20062000 	/usr/lib/system/libsystem_blocks.dylib
0x00007fff201ff000 	/usr/lib/system/libsystem_c.dylib
0x00007fff2a65b000 	/usr/lib/system/libsystem_collections.dylib
0x00007fff291f3000 	/usr/lib/system/libsystem_configuration.dylib
0x00007fff284d7000 	/usr/lib/system/libsystem_containermanager.dylib
0x00007fff2a3a6000 	/usr/lib/system/libsystem_coreservices.dylib
0x00007fff22695000 	/usr/lib/system/libsystem_darwin.dylib
0x00007fff2a665000 	/usr/lib/system/libsystem_dnssd.dylib
0x00007fff201fc000 	/usr/lib/system/libsystem_featureflags.dylib
0x00007fff20376000 	/usr/lib/system/libsystem_info.dylib
0x00007fff2a5ba000 	/usr/lib/system/libsystem_m.dylib
0x00007fff20150000 	/usr/lib/system/libsystem_malloc.dylib
0x00007fff24a49000 	/usr/lib/system/libsystem_networkextension.dylib
0x00007fff22ab4000 	/usr/lib/system/libsystem_notify.dylib
0x00007fff3005e000 	/usr/lib/system/libsystem_product_info_filter.dylib
0x00007fff291f7000 	/usr/lib/system/libsystem_sandbox.dylib
0x00007fff2a65e000 	/usr/lib/system/libsystem_secinit.dylib
0x00007fff202f4000 	/usr/lib/system/libsystem_kernel.dylib
0x00007fff2036c000 	/usr/lib/system/libsystem_platform.dylib
0x00007fff20324000 	/usr/lib/system/libsystem_pthread.dylib
0x00007fff261c5000 	/usr/lib/system/libsystem_symptoms.dylib
0x00007fff2009a000 	/usr/lib/system/libsystem_trace.dylib
0x00007fff2a635000 	/usr/lib/system/libunwind.dylib
0x00007fff20064000 	/usr/lib/system/libxpc.dylib
0x00007fff202de000 	/usr/lib/libc++abi.dylib
0x00007fff2a640000 	/usr/lib/liboah.dylib
0x00007fff2ad02000 	/usr/lib/liblzma.5.dylib
0x00007fff20d8d000 	/System/Library/Frameworks/SystemConfiguration.framework/Versions/A/SystemConfiguration
0x00007fff2a675000 	/usr/lib/libfakelink.dylib
0x00007fff245aa000 	/System/Library/Frameworks/CFNetwork.framework/Versions/A/CFNetwork
0x00007fff2a7b5000 	/usr/lib/libarchive.2.dylib
0x00007fff20e0b000 	/usr/lib/libCRFSuite.dylib
0x00007fff29e22000 	/usr/lib/libbsm.0.dylib
0x00007fff23f23000 	/usr/lib/libnetwork.dylib
0x00007fff2a67a000 	/usr/lib/libpcap.A.dylib
0x00007fff261be000 	/usr/lib/libdns_services.dylib
0x00007fff2ad1b000 	/usr/lib/libcoretls_cfhelpers.dylib
0x00007fff2a8b4000 	/usr/lib/libapple_nghttp2.dylib
0x00007fff2a60d000 	/usr/lib/system/libkxld.dylib
0x00007fff25e3c000 	/usr/lib/libsqlite3.dylib
0x00007fff2a389000 	/System/Library/PrivateFrameworks/AppleFSCompression.framework/Versions/A/AppleFSCompression
0x00007fff29e0a000 	/usr/lib/libcoretls.dylib
0x00007fff2a8e1000 	/usr/lib/libpam.2.dylib
0x00007fff2ae19000 	/usr/lib/libxar.1.dylib
0x00007fff291fe000 	/System/Library/PrivateFrameworks/AppleSystemInfo.framework/Versions/A/AppleSystemInfo
0x00007fff29a4c000 	/System/Library/PrivateFrameworks/IOMobileFramebuffer.framework/Versions/A/IOMobileFramebuffer
0x00007fff2a399000 	/usr/lib/libbz2.1.0.dylib
0x00007fff2a6b2000 	/usr/lib/libiconv.2.dylib
0x00007fff2a606000 	/usr/lib/libcharset.1.dylib
0x00007fff2736f000 	/System/Library/Frameworks/CoreServices.framework/Versions/A/Frameworks/FSEvents.framework/Versions/A/FSEvents
0x00007fff2269f000 	/System/Library/Frameworks/CoreServices.framework/Versions/A/Frameworks/CarbonCore.framework/Versions/A/CarbonCore
0x00007fff263d9000 	/System/Library/Frameworks/CoreServices.framework/Versions/A/Frameworks/Metadata.framework/Versions/A/Metadata
0x00007fff2a3ab000 	/System/Library/Frameworks/CoreServices.framework/Versions/A/Frameworks/OSServices.framework/Versions/A/OSServices
0x00007fff2a827000 	/System/Library/Frameworks/CoreServices.framework/Versions/A/Frameworks/SearchKit.framework/Versions/A/SearchKit
0x00007fff26149000 	/System/Library/Frameworks/CoreServices.framework/Versions/A/Frameworks/AE.framework/Versions/A/AE
0x00007fff20840000 	/System/Library/Frameworks/CoreServices.framework/Versions/A/Frameworks/LaunchServices.framework/Versions/A/LaunchServices
0x00007fff2acb2000 	/System/Library/Frameworks/CoreServices.framework/Versions/A/Frameworks/DictionaryServices.framework/Versions/A/DictionaryServices
0x00007fff2737c000 	/System/Library/Frameworks/CoreServices.framework/Versions/A/Frameworks/SharedFileList.framework/Versions/A/SharedFileList
0x00007fff29dfe000 	/usr/lib/libCheckFix.dylib
0x00007fff24acd000 	/System/Library/PrivateFrameworks/TCC.framework/Versions/A/TCC
0x00007fff29204000 	/System/Library/PrivateFrameworks/CoreNLP.framework/Versions/A/CoreNLP
0x00007fff2638c000 	/System/Library/PrivateFrameworks/MetadataUtilities.framework/Versions/A/MetadataUtilities
0x00007fff20e40000 	/usr/lib/libmecabra.dylib
0x00007fff2a108000 	/System/Library/Frameworks/MLCompute.framework/Versions/A/MLCompute
0x00007fff29e33000 	/usr/lib/libmecab.dylib
0x00007fff29e7d000 	/usr/lib/libgermantok.dylib
0x00007fff2a88f000 	/usr/lib/libThaiTokenizer.dylib
0x00007fff2ae54000 	/usr/lib/libChineseTokenizer.dylib
0x00007fff2a8df000 	/System/Library/Frameworks/MetalPerformanceShaders.framework/Versions/A/MetalPerformanceShaders
0x00007fff2647b000 	/System/Library/Frameworks/Accelerate.framework/Versions/A/Frameworks/vImage.framework/Versions/A/vImage
0x00007fff30136000 	/System/Library/Frameworks/Accelerate.framework/Versions/A/Frameworks/vecLib.framework/Versions/A/vecLib
0x00007fff2ae5f000 	/System/Library/Frameworks/Accelerate.framework/Versions/A/Frameworks/vecLib.framework/Versions/A/libvMisc.dylib
0x00007fff298ac000 	/System/Library/Frameworks/Accelerate.framework/Versions/A/Frameworks/vecLib.framework/Versions/A/libvDSP.dylib
0x00007fff20b49000 	/System/Library/Frameworks/Accelerate.framework/Versions/A/Frameworks/vecLib.framework/Versions/A/libBLAS.dylib
0x00007fff2a90d000 	/System/Library/Frameworks/Accelerate.framework/Versions/A/Frameworks/vecLib.framework/Versions/A/libLAPACK.dylib
0x00007fff29e83000 	/System/Library/Frameworks/Accelerate.framework/Versions/A/Frameworks/vecLib.framework/Versions/A/libLinearAlgebra.dylib
0x00007fff2a8cc000 	/System/Library/Frameworks/Accelerate.framework/Versions/A/Frameworks/vecLib.framework/Versions/A/libSparseBLAS.dylib
0x00007fff2a907000 	/System/Library/Frameworks/Accelerate.framework/Versions/A/Frameworks/vecLib.framework/Versions/A/libQuadrature.dylib
0x00007fff292b0000 	/System/Library/Frameworks/Accelerate.framework/Versions/A/Frameworks/vecLib.framework/Versions/A/libBNNS.dylib
0x00007fff20d1e000 	/System/Library/Frameworks/Accelerate.framework/Versions/A/Frameworks/vecLib.framework/Versions/A/libSparse.dylib
0x00007fff2918c000 	/System/Library/Frameworks/MetalPerformanceShaders.framework/Versions/A/Frameworks/MPSCore.framework/Versions/A/MPSCore
0x00007fff2a2f8000 	/System/Library/Frameworks/MetalPerformanceShaders.framework/Versions/A/Frameworks/MPSImage.framework/Versions/A/MPSImage
0x00007fff29e99000 	/System/Library/Frameworks/MetalPerformanceShaders.framework/Versions/A/Frameworks/MPSNeuralNetwork.framework/Versions/A/MPSNeuralNetwork
0x00007fff2a26a000 	/System/Library/Frameworks/MetalPerformanceShaders.framework/Versions/A/Frameworks/MPSMatrix.framework/Versions/A/MPSMatrix
0x00007fff2a0b8000 	/System/Library/Frameworks/MetalPerformanceShaders.framework/Versions/A/Frameworks/MPSRayIntersector.framework/Versions/A/MPSRayIntersector
0x00007fff2a2a1000 	/System/Library/Frameworks/MetalPerformanceShaders.framework/Versions/A/Frameworks/MPSNDArray.framework/Versions/A/MPSNDArray
0x00007fff20a75000 	/System/Library/PrivateFrameworks/MetalTools.framework/Versions/A/MetalTools
0x00007fff291fc000 	/System/Library/PrivateFrameworks/AggregateDictionary.framework/Versions/A/AggregateDictionary
0x00007fff26359000 	/System/Library/PrivateFrameworks/CoreAnalytics.framework/Versions/A/CoreAnalytics
0x00007fff2a891000 	/System/Library/PrivateFrameworks/AppleSauce.framework/Versions/A/AppleSauce
0x00007fff284fa000 	/System/Library/PrivateFrameworks/IOAccelerator.framework/Versions/A/IOAccelerator
0x00007fff6bc12000 	/System/Library/Frameworks/OpenGL.framework/Versions/A/Libraries/libCoreFSCache.dylib
0x00007fff213d8000 	/System/Library/PrivateFrameworks/LanguageModeling.framework/Versions/A/LanguageModeling
0x00007fff29a3a000 	/System/Library/PrivateFrameworks/CoreEmoji.framework/Versions/A/CoreEmoji
0x00007fff292a9000 	/System/Library/PrivateFrameworks/LinguisticData.framework/Versions/A/LinguisticData
0x00007fff20cd0000 	/System/Library/PrivateFrameworks/Lexicon.framework/Versions/A/Lexicon
0x00007fff2a7a3000 	/usr/lib/libcmph.dylib
0x00007fff2734f000 	/System/Library/Frameworks/OpenDirectory.framework/Versions/A/Frameworks/CFOpenDirectory.framework/Versions/A/CFOpenDirectory
0x00007fff2733f000 	/System/Library/Frameworks/OpenDirectory.framework/Versions/A/OpenDirectory
0x00007fff2ad1d000 	/System/Library/PrivateFrameworks/APFS.framework/Versions/A/APFS
0x00007fff29d60000 	/System/Library/Frameworks/SecurityFoundation.framework/Versions/A/SecurityFoundation
0x00007fff2ae27000 	/usr/lib/libutil.dylib
0x00007fff229ca000 	/System/Library/PrivateFrameworks/CoreServicesStore.framework/Versions/A/CoreServicesStore
0x00007fff29df6000 	/System/Library/Frameworks/ServiceManagement.framework/Versions/A/ServiceManagement
0x00007fff2ae2b000 	/usr/lib/libxslt.1.dylib
0x00007fff29dec000 	/System/Library/PrivateFrameworks/BackgroundTaskManagement.framework/Versions/A/BackgroundTaskManagement
0x00007fff2bf36000 	/System/Library/Frameworks/ImageIO.framework/Versions/A/Resources/libRadiance.dylib
0x00007fff2bf3f000 	/System/Library/Frameworks/ImageIO.framework/Versions/A/Resources/libJPEG.dylib
0x00007fff2be8a000 	/System/Library/Frameworks/ImageIO.framework/Versions/A/Resources/libPng.dylib
0x00007fff2beb1000 	/System/Library/Frameworks/ImageIO.framework/Versions/A/Resources/libTIFF.dylib
0x00007fff2bf94000 	/System/Library/Frameworks/ImageIO.framework/Versions/A/Resources/libGIF.dylib
0x00007fff2bbdd000 	/System/Library/Frameworks/ImageIO.framework/Versions/A/Resources/libJP2.dylib
0x00007fff2b2f9000 	/usr/lib/libexpat.1.dylib
0x00007fff2bb93000 	/System/Library/PrivateFrameworks/AppleJPEG.framework/Versions/A/AppleJPEG
0x00007fff28730000 	/System/Library/PrivateFrameworks/FontServices.framework/libFontParser.dylib
0x00007fff26100000 	/System/Library/PrivateFrameworks/RunningBoardServices.framework/Versions/A/RunningBoardServices
0x00007fff2bcbc000 	/System/Library/PrivateFrameworks/WatchdogClient.framework/Versions/A/WatchdogClient
0x00007fff214c1000 	/System/Library/Frameworks/CoreDisplay.framework/Versions/A/CoreDisplay
0x00007fff28645000 	/System/Library/Frameworks/CoreMedia.framework/Versions/A/CoreMedia
0x00007fff274cf000 	/System/Library/Frameworks/CoreVideo.framework/Versions/A/CoreVideo
0x00007fff2bcf7000 	/System/Library/Frameworks/VideoToolbox.framework/Versions/A/VideoToolbox
0x00007fff26080000 	/System/Library/PrivateFrameworks/BaseBoard.framework/Versions/A/BaseBoard
0x00007fff2b43d000 	/System/Library/PrivateFrameworks/PersistentConnection.framework/Versions/A/PersistentConnection
0x00007fff25e26000 	/System/Library/PrivateFrameworks/ProtocolBuffer.framework/Versions/A/ProtocolBuffer
0x00007fff26068000 	/System/Library/PrivateFrameworks/CommonUtilities.framework/Versions/A/CommonUtilities
0x00007fff2bb56000 	/System/Library/PrivateFrameworks/Bom.framework/Versions/A/Bom
0x00007fff2bf2e000 	/System/Library/PrivateFrameworks/GPUWrangler.framework/Versions/A/GPUWrangler
0x00007fff2bf11000 	/System/Library/PrivateFrameworks/IOPresentment.framework/Versions/A/IOPresentment
0x00007fff2bf39000 	/System/Library/PrivateFrameworks/DSExternalDisplay.framework/Versions/A/DSExternalDisplay
0x00007fff2bf99000 	/System/Library/PrivateFrameworks/CMCaptureCore.framework/Versions/A/CMCaptureCore
0x00007fff2b8d9000 	/System/Library/PrivateFrameworks/AppServerSupport.framework/Versions/A/AppServerSupport
0x00007fff2d972000 	/System/Library/PrivateFrameworks/perfdata.framework/Versions/A/perfdata
0x00007fff29d4f000 	/System/Library/PrivateFrameworks/AssertionServices.framework/Versions/A/AssertionServices
0x00007fff215f8000 	/System/Library/PrivateFrameworks/AudioToolboxCore.framework/Versions/A/AudioToolboxCore
0x00007fff28628000 	/System/Library/PrivateFrameworks/caulk.framework/Versions/A/caulk
0x00007fff3cdaa000 	/System/Library/PrivateFrameworks/SystemPolicy.framework/Versions/A/SystemPolicy
0x00007fff2b108000 	/usr/lib/libIOReport.dylib
0x00007fff2d1ae000 	/usr/lib/libSMC.dylib
0x00007fff2be56000 	/usr/lib/libAudioToolboxUtility.dylib
0x00007fff3d704000 	/usr/lib/libmis.dylib
0x00007fff6bc6e000 	/System/Library/Frameworks/OpenGL.framework/Versions/A/Libraries/libGLU.dylib
0x00007fff6bc31000 	/System/Library/Frameworks/OpenGL.framework/Versions/A/Libraries/libGFXShared.dylib
0x00007fff6be3f000 	/System/Library/Frameworks/OpenGL.framework/Versions/A/Libraries/libGL.dylib
0x00007fff6bc3a000 	/System/Library/Frameworks/OpenGL.framework/Versions/A/Libraries/libGLImage.dylib
0x00007fff6bc2e000 	/System/Library/Frameworks/OpenGL.framework/Versions/A/Libraries/libCVMSPluginSupport.dylib
0x00007fff6bc19000 	/System/Library/Frameworks/OpenGL.framework/Versions/A/Libraries/libCoreVMClient.dylib
0x00007fff6d289000 	/System/Library/Frameworks/OpenCL.framework/Versions/A/OpenCL
0x00007fff2b466000 	/System/Library/PrivateFrameworks/GraphVisualizer.framework/Versions/A/GraphVisualizer
0x00007fff2b475000 	/System/Library/PrivateFrameworks/FaceCore.framework/Versions/A/FaceCore
0x00007fff2b891000 	/System/Library/PrivateFrameworks/OTSVG.framework/Versions/A/OTSVG
0x00007fff270c4000 	/System/Library/Frameworks/ApplicationServices.framework/Versions/A/Frameworks/ATS.framework/Versions/A/Resources/libFontRegistry.dylib
0x00007fff2b8e0000 	/System/Library/PrivateFrameworks/FontServices.framework/libhvf.dylib
0x00007fff2b2a5000 	/System/Library/PrivateFrameworks/AppleVA.framework/Versions/A/AppleVA
0x00007fff2cff6000 	/System/Library/Frameworks/ApplicationServices.framework/Versions/A/Frameworks/ATS.framework/Versions/A/ATS
0x00007fff2d309000 	/System/Library/Frameworks/ApplicationServices.framework/Versions/A/Frameworks/ColorSyncLegacy.framework/Versions/A/ColorSyncLegacy
0x00007fff255f3000 	/System/Library/Frameworks/ApplicationServices.framework/Versions/A/Frameworks/HIServices.framework/Versions/A/HIServices
0x00007fff2d2ee000 	/System/Library/Frameworks/ApplicationServices.framework/Versions/A/Frameworks/LangAnalysis.framework/Versions/A/LangAnalysis
0x00007fff2bfa3000 	/System/Library/Frameworks/ApplicationServices.framework/Versions/A/Frameworks/PrintCore.framework/Versions/A/PrintCore
0x00007fff2d311000 	/System/Library/Frameworks/ApplicationServices.framework/Versions/A/Frameworks/QD.framework/Versions/A/QD
0x00007fff2cfe6000 	/System/Library/Frameworks/ApplicationServices.framework/Versions/A/Frameworks/SpeechSynthesis.framework/Versions/A/SpeechSynthesis
0x00007fff2bf64000 	/System/Library/Frameworks/ApplicationServices.framework/Versions/A/Frameworks/ATSUI.framework/Versions/A/ATSUI
0x00007fff2d28e000 	/usr/lib/libcups.2.dylib
0x00007fff2d2fe000 	/System/Library/PrivateFrameworks/NetAuth.framework/Versions/A/NetAuth
0x00007fff2d98d000 	/System/Library/Frameworks/Kerberos.framework/Versions/A/Kerberos
0x00007fff2d99d000 	/System/Library/Frameworks/GSS.framework/Versions/A/GSS
0x00007fff2d063000 	/usr/lib/libresolv.9.dylib
0x00007fff2b8f6000 	/System/Library/PrivateFrameworks/Heimdal.framework/Versions/A/Heimdal
0x00007fff33630000 	/System/Library/Frameworks/Kerberos.framework/Versions/A/Libraries/libHeimdalProxy.dylib
0x00007fff261cd000 	/System/Library/Frameworks/Network.framework/Versions/A/Network
0x00007fff2b312000 	/usr/lib/libheimdal-asn1.dylib
0x00007fff2d9ee000 	/System/Library/PrivateFrameworks/CommonAuth.framework/Versions/A/CommonAuth
0x00007fff2751d000 	/System/Library/PrivateFrameworks/login.framework/Versions/A/Frameworks/loginsupport.framework/Versions/A/loginsupport
0x00007fff2cf6d000 	/System/Library/PrivateFrameworks/AudioSession.framework/Versions/A/AudioSession
0x00007fff2cfd3000 	/usr/lib/libAudioStatistics.dylib
0x00007fff2b39e000 	/System/Library/PrivateFrameworks/MediaExperience.framework/Versions/A/MediaExperience
0x00007fff2ce06000 	/System/Library/PrivateFrameworks/AudioSession.framework/libSessionUtility.dylib
0x00007fff2d97e000 	/usr/lib/libperfcheck.dylib
0x00007fff2d31d000 	/System/Library/PrivateFrameworks/AudioResourceArbitration.framework/Versions/A/AudioResourceArbitration
0x00007fff2b31c000 	/System/Library/PrivateFrameworks/IconFoundation.framework/Versions/A/IconFoundation
0x00007fff2fe19000 	/System/Library/PrivateFrameworks/SpeechRecognitionCore.framework/Versions/A/SpeechRecognitionCore
0x0000000111000000 	/Library/Internet Plug-Ins/JavaAppletPlugin.plugin/Contents/Home/lib/server/libjvm.dylib
0x000000010c87e000 	/Library/Internet Plug-Ins/JavaAppletPlugin.plugin/Contents/Home/lib/libverify.dylib
0x000000010c8a2000 	/Library/Internet Plug-Ins/JavaAppletPlugin.plugin/Contents/Home/lib/libjava.dylib
0x000000010c96b000 	/Library/Internet Plug-Ins/JavaAppletPlugin.plugin/Contents/Home/lib/libzip.dylib
0x000000012dc08000 	/Library/Internet Plug-Ins/JavaAppletPlugin.plugin/Contents/Home/lib/libprism_es2.dylib
0x00007fff2298b000 	/System/Library/PrivateFrameworks/CoreServicesInternal.framework/Versions/A/CoreServicesInternal
0x00007fff6be4a000 	/System/Library/Frameworks/OpenGL.framework/Versions/A/Resources/GLEngine.bundle/GLEngine
0x00007fff6bcab000 	/System/Library/Frameworks/OpenGL.framework/Versions/A/Libraries/libGLProgrammability.dylib
0x000000012dcd4000 	/System/Library/Extensions/AppleMetalOpenGLRenderer.bundle/Contents/MacOS/AppleMetalOpenGLRenderer
0x00007fff6bfc8000 	/System/Library/Frameworks/OpenGL.framework/Versions/A/Resources/GLRendererFloat.bundle/GLRendererFloat
0x000000012de51000 	/System/Library/Extensions/AGXMetal13_3.bundle/Contents/MacOS/AGXMetal13_3
0x00007fff38734000 	/System/Library/PrivateFrameworks/IOGPU.framework/Versions/A/IOGPU
0x00007fff697c7000 	/System/Library/PrivateFrameworks/GPUCompiler.framework/Versions/31001/Libraries/libmetal_timestamp.dylib
0x000000012f2c3000 	/Library/Internet Plug-Ins/JavaAppletPlugin.plugin/Contents/Home/lib/libglass.dylib
0x00007fff311a0000 	/System/Library/Frameworks/FileProvider.framework/Versions/A/FileProvider
0x00007fff25feb000 	/System/Library/Frameworks/Accounts.framework/Versions/A/Accounts
0x00007fff312f0000 	/System/Library/PrivateFrameworks/GenerationalStorage.framework/Versions/A/GenerationalStorage
0x00007fff31c8a000 	/System/Library/PrivateFrameworks/CoreSymbolication.framework/Versions/A/CoreSymbolication
0x00007fff30bc0000 	/System/Library/PrivateFrameworks/SymptomDiagnosticReporter.framework/Versions/A/SymptomDiagnosticReporter
0x00007fff23ab9000 	/System/Library/PrivateFrameworks/DesktopServicesPriv.framework/Versions/A/DesktopServicesPriv
0x00007fff22ac0000 	/usr/lib/libsandbox.1.dylib
0x00007fff27548000 	/System/Library/PrivateFrameworks/UserManagement.framework/Versions/A/UserManagement
0x00007fff29d2c000 	/System/Library/PrivateFrameworks/MobileKeyBag.framework/Versions/A/MobileKeyBag
0x00007fff346b2000 	/System/Library/PrivateFrameworks/ChunkingLibrary.framework/Versions/A/ChunkingLibrary
0x00007fff31c4e000 	/System/Library/PrivateFrameworks/DebugSymbols.framework/Versions/A/DebugSymbols
0x00007fff2e3b1000 	/System/Library/PrivateFrameworks/Sharing.framework/Versions/A/Sharing
0x00007fff32c32000 	/System/Library/PrivateFrameworks/Apple80211.framework/Versions/A/Apple80211
0x00007fff2a3d9000 	/System/Library/PrivateFrameworks/AuthKit.framework/Versions/A/AuthKit
0x00007fff29b2a000 	/System/Library/PrivateFrameworks/CoreUtils.framework/Versions/A/CoreUtils
0x00007fff29a57000 	/System/Library/Frameworks/CoreWLAN.framework/Versions/A/CoreWLAN
0x00007fff2e4fd000 	/System/Library/Frameworks/IOBluetooth.framework/Versions/A/IOBluetooth
0x00007fff32c96000 	/System/Library/PrivateFrameworks/CoreWiFi.framework/Versions/A/CoreWiFi
0x00007fff2da74000 	/System/Library/PrivateFrameworks/CorePhoneNumbers.framework/Versions/A/CorePhoneNumbers
0x00007fff30cc7000 	/System/Library/PrivateFrameworks/DiskManagement.framework/Versions/A/DiskManagement
0x00007fff30bdd000 	/System/Library/PrivateFrameworks/AppleIDAuthSupport.framework/Versions/A/AppleIDAuthSupport
0x00007fff2da54000 	/System/Library/PrivateFrameworks/KeychainCircle.framework/Versions/A/KeychainCircle
0x00007fff30c93000 	/System/Library/PrivateFrameworks/MediaKit.framework/Versions/A/MediaKit
0x00007fff30bea000 	/System/Library/Frameworks/DiscRecording.framework/Versions/A/DiscRecording
0x00007fff2b219000 	/usr/lib/libCoreStorage.dylib
0x00007fff330d1000 	/usr/lib/libcsfde.dylib
0x00007fff2e638000 	/System/Library/PrivateFrameworks/ProtectedCloudStorage.framework/Versions/A/ProtectedCloudStorage
0x00007fff330c9000 	/System/Library/PrivateFrameworks/EFILogin.framework/Versions/A/EFILogin
0x00007fff336e3000 	/System/Library/Frameworks/AudioUnit.framework/Versions/A/AudioUnit
0x00007fff30b5a000 	/System/Library/Frameworks/CoreBluetooth.framework/Versions/A/CoreBluetooth
0x00007fff2b211000 	/usr/lib/libMatch.1.dylib
0x00000001310e9000 	/usr/lib/libobjc-trampolines.dylib
0x00007fff413c6000 	/System/Library/Frameworks/Accelerate.framework/Versions/A/Frameworks/vImage.framework/Versions/A/Libraries/libCGInterfaces.dylib
0x00007fff27247000 	/System/Library/PrivateFrameworks/ViewBridge.framework/Versions/A/ViewBridge
0x00007fff2b9b7000 	/System/Library/PrivateFrameworks/login.framework/Versions/A/login
0x00007fff77a87000 	/usr/lib/libRosetta.dylib
0x0000000132f93000 	/Library/Internet Plug-Ins/JavaAppletPlugin.plugin/Contents/Home/lib/libjavafx_font.dylib
0x0000000134cc9000 	/Library/Internet Plug-Ins/JavaAppletPlugin.plugin/Contents/Home/lib/libprism_common.dylib
0x0000000138208000 	/Library/Internet Plug-Ins/JavaAppletPlugin.plugin/Contents/Home/lib/libjavafx_iio.dylib
0x00007fff30396000 	/System/Library/PrivateFrameworks/SystemAdministration.framework/Versions/A/SystemAdministration
0x00007fff2c19b000 	/System/Library/Frameworks/MediaToolbox.framework/Versions/A/MediaToolbox
0x00007fff2fde5000 	/System/Library/Frameworks/DirectoryService.framework/Versions/A/DirectoryService
0x00007fff32f71000 	/System/Library/PrivateFrameworks/DiskImages.framework/Versions/A/DiskImages
0x00007fff33144000 	/System/Library/PrivateFrameworks/LoginUIKit.framework/Versions/A/Frameworks/LoginUICore.framework/Versions/A/LoginUICore
0x00007fff2bb52000 	/usr/lib/libodfde.dylib
0x00007fff31172000 	/System/Library/PrivateFrameworks/CoreAVCHD.framework/Versions/A/CoreAVCHD
0x00007fff30359000 	/System/Library/Frameworks/MediaAccessibility.framework/Versions/A/MediaAccessibility
0x00007fff3116e000 	/System/Library/PrivateFrameworks/Mangrove.framework/Versions/A/Mangrove
0x00007fff30365000 	/System/Library/PrivateFrameworks/AlgosScoreFramework.framework/Versions/A/AlgosScoreFramework
0x00007fff31b5c000 	/System/Library/PrivateFrameworks/AppleVPA.framework/Versions/A/AppleVPA
0x00007fff30db3000 	/System/Library/PrivateFrameworks/CoreAUC.framework/Versions/A/CoreAUC
0x00007fff330dd000 	/usr/lib/libcurl.4.dylib
0x00007fff32e3d000 	/usr/lib/libcrypto.44.dylib
0x00007fff32f43000 	/usr/lib/libssl.46.dylib
0x00007fff32e03000 	/System/Library/Frameworks/LDAP.framework/Versions/A/LDAP
0x00007fff32e3b000 	/System/Library/PrivateFrameworks/TrustEvaluationAgent.framework/Versions/A/TrustEvaluationAgent
0x00007fff2d07c000 	/usr/lib/libsasl2.2.dylib
0x00007fff3038a000 	/System/Library/PrivateFrameworks/CoreDaemon.framework/Versions/B/CoreDaemon
0x00007fff30385000 	/System/Library/PrivateFrameworks/AppleSRP.framework/Versions/A/AppleSRP

VM Arguments:
jvm_args: -Dfile.encoding=UTF-8 
java_command: ui.Main
java_class_path (initial): /Users/esteban/Documents/Codding/APO2-TI3-parque-del-cafe/bin
Launcher Type: SUN_STANDARD

Environment Variables:
PATH=/usr/bin:/bin:/usr/sbin:/sbin
SHELL=/bin/zsh

Signal Handlers:
SIGSEGV: [libjvm.dylib+0x59afc1], sa_mask[0]=11111111111111111111111111111111, sa_flags=SA_ONSTACK|SA_RESTART|SA_SIGINFO
SIGBUS: [libjvm.dylib+0x59afc1], sa_mask[0]=11111111111111111111111111111111, sa_flags=SA_RESTART|SA_SIGINFO
SIGFPE: [libjvm.dylib+0x48e907], sa_mask[0]=11111111111111111111111111111111, sa_flags=SA_RESTART|SA_SIGINFO
SIGPIPE: [libjvm.dylib+0x48e907], sa_mask[0]=11111111111111111111111111111111, sa_flags=SA_RESTART|SA_SIGINFO
SIGXFSZ: [libjvm.dylib+0x48e907], sa_mask[0]=11111111111111111111111111111111, sa_flags=SA_RESTART|SA_SIGINFO
SIGILL: [libjvm.dylib+0x48e907], sa_mask[0]=11111111111111111111111111111111, sa_flags=SA_RESTART|SA_SIGINFO
SIGUSR1: SIG_DFL, sa_mask[0]=00000000000000000000000000000000, sa_flags=none
SIGUSR2: [libjvm.dylib+0x48f1f6], sa_mask[0]=00100000000000000000000000000000, sa_flags=SA_RESTART|SA_SIGINFO
SIGHUP: [libjvm.dylib+0x48d453], sa_mask[0]=11111111111111111111111111111111, sa_flags=SA_RESTART|SA_SIGINFO
SIGINT: [libjvm.dylib+0x48d453], sa_mask[0]=11111111111111111111111111111111, sa_flags=SA_RESTART|SA_SIGINFO
SIGTERM: [libjvm.dylib+0x48d453], sa_mask[0]=11111111111111111111111111111111, sa_flags=SA_RESTART|SA_SIGINFO
SIGQUIT: [libjvm.dylib+0x48d453], sa_mask[0]=11111111111111111111111111111111, sa_flags=SA_RESTART|SA_SIGINFO


---------------  S Y S T E M  ---------------

OS:Bsduname:Darwin 20.5.0 Darwin Kernel Version 20.5.0: Sat May  8 05:10:31 PDT 2021; root:xnu-7195.121.3~9/RELEASE_ARM64_T8101 x86_64
rlimit: STACK 8176k, CORE 0k, NPROC 2666, NOFILE 10240, AS infinity
load average:1.42 1.82 1.77

CPU:total 8 (initial active 8) (1 cores per cpu, 1 threads per core) family 6 model 44 stepping 0, cmov, cx8, fxsr, mmx, sse, sse2, sse3, ssse3, sse4.1, sse4.2, popcnt, aes, clmul, tsc, tscinvbit, tscinv

Memory: 4k page, physical 16777216k(15540k free)

/proc/meminfo:


vm_info: Java HotSpot(TM) 64-Bit Server VM (25.291-b10) for bsd-amd64 JRE (1.8.0_291-b10), built on Apr  8 2021 02:17:24 by "java_re" with gcc 4.2.1 Compatible Apple LLVM 11.0.0 (clang-1100.0.33.17)

time: Wed Jun  9 18:31:44 2021
timezone: -05
elapsed time: 24.530692 seconds (0d 0h 0m 24s)

