#
# A fatal error has been detected by the Java Runtime Environment:
#
#  SIGSEGV (0xb) at pc=0x000000011420d2e0, pid=1457, tid=0x0000000000000103
#
# JRE version: Java(TM) SE Runtime Environment (8.0_291-b10) (build 1.8.0_291-b10)
# Java VM: Java HotSpot(TM) 64-Bit Server VM (25.291-b10 mixed mode bsd-amd64 compressed oops)
# Problematic frame:
# J 3849 C1 model.ParqueDelCafe.findGame(Lmodel/Visitor;Lmodel/Game;)Lmodel/Game; (23 bytes) @ 0x000000011420d2e0 [0x000000011420d2c0+0x20]
#
# Failed to write core dump. Core dumps have been disabled. To enable core dumping, try "ulimit -c unlimited" before starting Java again
#
# If you would like to submit a bug report, please visit:
#   http://bugreport.java.com/bugreport/crash.jsp
#

---------------  T H R E A D  ---------------

Current thread (0x00007fd0db062800):  JavaThread "JavaFX Application Thread" [_thread_in_Java, id=259, stack(0x000000030d4f9000,0x000000030dcf9000)]

siginfo: si_signo: 11 (SIGSEGV), si_code: 1 (SEGV_MAPERR), si_addr: 0x000000030d4fcfd8

Registers:
RAX=0x0000000000021f20, RBX=0x000000012c106958, RCX=0x00000006c1461580, RDX=0x00000006c1461348
RSP=0x000000030d510fd8, RBP=0x000000030dc048c0, RSI=0x00000006c1461170, RDI=0x00000006c1461170
R8 =0x0000000000021f1f, R9 =0x00007fd0db062800, R10=0x0000000111f2f1f0, R11=0x000000011420d2e0
R12=0x0000000000000000, R13=0x000000030dc04868, R14=0x000000012c106b38, R15=0x00007fd0db062800
RIP=0x000000011420d2e0, EFLAGS=0x0000000000000212, ERR=0x0000000000000006
  TRAPNO=0x000000000000000e

Top of Stack: (sp=0x000000030d510fd8)
0x000000030d510fd8:   000000011420d6a4 0000000000000000
0x000000030d510fe8:   0000000000000000 0000000000000000
0x000000030d510ff8:   0000000000000000 0000000000000000
0x000000030d511008:   0000000000000000 0000000000000000
0x000000030d511018:   0000000000021968 0000000000000000
0x000000030d511028:   0000000000000000 0000000000000000
0x000000030d511038:   0000000000000000 000000030dc048c0
0x000000030d511048:   000000011420d6a4 0000000000000000
0x000000030d511058:   0000000000000000 0000000000000000
0x000000030d511068:   0000000000000000 0000000000000000
0x000000030d511078:   0000000000000000 0000000000000000
0x000000030d511088:   0000000000021966 0000000000000000
0x000000030d511098:   0000000000000000 0000000000000000
0x000000030d5110a8:   0000000000000000 000000030dc048c0
0x000000030d5110b8:   000000011420d6a4 0000000000000000
0x000000030d5110c8:   0000000000000000 0000000000000000
0x000000030d5110d8:   0000000000000000 0000000000000000
0x000000030d5110e8:   0000000000000000 0000000000000000
0x000000030d5110f8:   0000000000021964 0000000000000000
0x000000030d511108:   0000000000000000 0000000000000000
0x000000030d511118:   0000000000000000 000000030dc048c0
0x000000030d511128:   000000011420d6a4 0000000000000000
0x000000030d511138:   0000000000000000 0000000000000000
0x000000030d511148:   0000000000000000 0000000000000000
0x000000030d511158:   0000000000000000 0000000000000000
0x000000030d511168:   0000000000021962 0000000000000000
0x000000030d511178:   0000000000000000 0000000000000000
0x000000030d511188:   0000000000000000 000000030dc048c0
0x000000030d511198:   000000011420d6a4 0000000000000000
0x000000030d5111a8:   0000000000000000 0000000000000000
0x000000030d5111b8:   0000000000000000 0000000000000000
0x000000030d5111c8:   0000000000000000 0000000000000000 

Instructions: (pc=0x000000011420d2e0)
0x000000011420d2c0:   44 8b 56 08 49 c1 e2 03 4c 3b d0 0f 85 8f 6b 41
0x000000011420d2d0:   ff 66 66 66 0f 1f 84 00 00 00 00 00 66 66 66 90
0x000000011420d2e0:   89 84 24 00 c0 fe ff 55 48 83 ec 60 48 bf 58 69
0x000000011420d2f0:   10 2c 01 00 00 00 8b 9f dc 00 00 00 83 c3 08 89 

Register to memory mapping:

RAX=0x0000000000021f20 is an unknown value
RBX=0x000000012c106958 is pointing into metadata
RCX=0x00000006c1461580 is an oop
model.Game 
 - klass: 'model/Game'
RDX=0x00000006c1461348 is an oop
model.Visitor 
 - klass: 'model/Visitor'
RSP=0x000000030d510fd8 is pointing into the stack for thread: 0x00007fd0db062800
RBP=0x000000030dc048c0 is pointing into the stack for thread: 0x00007fd0db062800
RSI=0x00000006c1461170 is an oop
model.ParqueDelCafe 
 - klass: 'model/ParqueDelCafe'
RDI=0x00000006c1461170 is an oop
model.ParqueDelCafe 
 - klass: 'model/ParqueDelCafe'
R8 =0x0000000000021f1f is an unknown value
R9 =0x00007fd0db062800 is a thread
R10=0x0000000111f2f1f0: _ZN19TemplateInterpreter20_invoke_return_entryE+0 in /Library/Internet Plug-Ins/JavaAppletPlugin.plugin/Contents/Home/lib/server/libjvm.dylib at 0x0000000111800000
R11=0x000000011420d2e0 is at entry_point+32 in (nmethod*)0x000000011420d110
R12=0x0000000000000000 is an unknown value
R13=0x000000030dc04868 is pointing into the stack for thread: 0x00007fd0db062800
R14=0x000000012c106b38 is pointing into metadata
R15=0x00007fd0db062800 is a thread


Stack: [0x000000030d4f9000,0x000000030dcf9000],  sp=0x000000030d510fd8,  free space=95k
Native frames: (J=compiled Java code, j=interpreted, Vv=VM code, C=native code)
J 3849 C1 model.ParqueDelCafe.findGame(Lmodel/Visitor;Lmodel/Game;)Lmodel/Game; (23 bytes) @ 0x000000011420d2e0 [0x000000011420d2c0+0x20]
C  0x000000030dc048c0


---------------  P R O C E S S  ---------------

Java Threads: ( => current thread )
  0x00007fd0cc837000 JavaThread "PulseTimer-CVDisplayLink thread" daemon [_thread_blocked, id=89939, stack(0x000000030ea27000,0x000000030eaa7000)]
  0x00007fd0ec22e000 JavaThread "Prism Font Disposer" daemon [_thread_blocked, id=56323, stack(0x000000030f7f2000,0x000000030f8f2000)]
  0x00007fd0ed1a0000 JavaThread "JavaFX-Launcher" [_thread_blocked, id=71439, stack(0x000000030f6ef000,0x000000030f7ef000)]
=>0x00007fd0db062800 JavaThread "JavaFX Application Thread" [_thread_in_Java, id=259, stack(0x000000030d4f9000,0x000000030dcf9000)]
  0x00007fd0ed14c800 JavaThread "Thread-1" daemon [_thread_blocked, id=30583, stack(0x000000030f45f000,0x000000030f55f000)]
  0x00007fd0eb093800 JavaThread "QuantumRenderer-0" daemon [_thread_blocked, id=23299, stack(0x000000030f1c4000,0x000000030f2c4000)]
  0x00007fd0ec00b000 JavaThread "Service Thread" daemon [_thread_blocked, id=22791, stack(0x000000030efbe000,0x000000030f0be000)]
  0x00007fd0ed04f800 JavaThread "C1 CompilerThread3" daemon [_thread_blocked, id=42499, stack(0x000000030eebb000,0x000000030efbb000)]
  0x00007fd0ed035800 JavaThread "C2 CompilerThread2" daemon [_thread_blocked, id=43011, stack(0x000000030edb8000,0x000000030eeb8000)]
  0x00007fd0eb03a800 JavaThread "C2 CompilerThread1" daemon [_thread_blocked, id=22275, stack(0x000000030ecb5000,0x000000030edb5000)]
  0x00007fd0eb038800 JavaThread "C2 CompilerThread0" daemon [_thread_blocked, id=43267, stack(0x000000030ebb2000,0x000000030ecb2000)]
  0x00007fd0eb038000 JavaThread "Signal Dispatcher" daemon [_thread_blocked, id=16131, stack(0x000000030eaaf000,0x000000030ebaf000)]
  0x00007fd0db02a800 JavaThread "Finalizer" daemon [_thread_blocked, id=13855, stack(0x000000030e89e000,0x000000030e99e000)]
  0x00007fd0ed02a800 JavaThread "Reference Handler" daemon [_thread_blocked, id=18979, stack(0x000000030e79b000,0x000000030e89b000)]
  0x00007fd0ec00a000 JavaThread "main" [_thread_blocked, id=5891, stack(0x000000030dd7d000,0x000000030de7d000)]

Other Threads:
  0x00007fd0eb023800 VMThread [stack: 0x000000030e698000,0x000000030e798000] [id=13315]
  0x00007fd0ed02b800 WatcherThread [stack: 0x000000030f0c1000,0x000000030f1c1000] [id=41243]

VM state:synchronizing (normal execution)

VM Mutex/Monitor currently owned by a thread:  ([mutex/lock_event])
[0x00007fd0ead12180] Safepoint_lock - owner thread: 0x00007fd0eb023800
[0x00007fd0ead12200] Threads_lock - owner thread: 0x00007fd0eb023800

heap address: 0x00000006c0000000, size: 4096 MB, Compressed Oops mode: Zero based, Oop shift amount: 3
Narrow klass base: 0x0000000000000000, Narrow klass shift: 3
Compressed class space size: 1073741824 Address: 0x00000007c0000000

Heap:
 PSYoungGen      total 76288K, used 20040K [0x000000076ab00000, 0x0000000770000000, 0x00000007c0000000)
  eden space 65536K, 30% used [0x000000076ab00000,0x000000076be92070,0x000000076eb00000)
  from space 10752K, 0% used [0x000000076f580000,0x000000076f580000,0x0000000770000000)
  to   space 10752K, 0% used [0x000000076eb00000,0x000000076eb00000,0x000000076f580000)
 ParOldGen       total 118784K, used 31588K [0x00000006c0000000, 0x00000006c7400000, 0x000000076ab00000)
  object space 118784K, 26% used [0x00000006c0000000,0x00000006c1ed93f0,0x00000006c7400000)
 Metaspace       used 20964K, capacity 22492K, committed 22784K, reserved 1069056K
  class space    used 2951K, capacity 3234K, committed 3328K, reserved 1048576K

Card table byte_map: [0x00000001225de000,0x0000000122ddf000] byte_map_base: 0x000000011efde000

Marking Bits: (ParMarkBitMap*) 0x0000000111f23288
 Begin Bits: [0x0000000123335000, 0x0000000127335000)
 End Bits:   [0x0000000127335000, 0x000000012b335000)

Polling page: 0x000000010d0e9000

CodeCache: size=245760Kb used=12477Kb max_used=12481Kb free=233282Kb
 bounds [0x00000001135de000, 0x000000011421e000, 0x00000001225de000]
 total_blobs=4479 nmethods=3824 adapters=569
 compilation: enabled

Compilation events (10 events):
Event: 27.485 Thread 0x00007fd0eb03a800 3845       4       com.sun.prism.impl.BaseGraphics::validateTransformAndPaint (71 bytes)
Event: 27.486 Thread 0x00007fd0eb03a800 nmethod 3845 0x0000000114214e50 code [0x0000000114214fa0, 0x00000001142150a8]
Event: 27.919 Thread 0x00007fd0ed04f800 3846       3       javafx.scene.layout.CornerRadii::<init> (313 bytes)
Event: 27.921 Thread 0x00007fd0ed04f800 nmethod 3846 0x000000011420dcd0 code [0x000000011420dea0, 0x000000011420ebf8]
Event: 27.967 Thread 0x00007fd0ed04f800 3847       1       model.Visitor::getInGame (5 bytes)
Event: 27.967 Thread 0x00007fd0ed04f800 nmethod 3847 0x000000011420da10 code [0x000000011420db60, 0x000000011420dc70]
Event: 27.967 Thread 0x00007fd0ed04f800 3849       3       model.ParqueDelCafe::findGame (23 bytes)
Event: 27.977 Thread 0x00007fd0ed04f800 nmethod 3849 0x000000011420d110 code [0x000000011420d2c0, 0x000000011420d828]
Event: 27.977 Thread 0x00007fd0ed04f800 3848       1       model.Game::getnextGame (5 bytes)
Event: 27.977 Thread 0x00007fd0ed04f800 nmethod 3848 0x000000011420ce50 code [0x000000011420cfa0, 0x000000011420d0b0]

GC Heap History (6 events):
Event: 13.688 GC heap before
{Heap before GC invocations=1 (full 0):
 PSYoungGen      total 76288K, used 65536K [0x000000076ab00000, 0x0000000770000000, 0x00000007c0000000)
  eden space 65536K, 100% used [0x000000076ab00000,0x000000076eb00000,0x000000076eb00000)
  from space 10752K, 0% used [0x000000076f580000,0x000000076f580000,0x0000000770000000)
  to   space 10752K, 0% used [0x000000076eb00000,0x000000076eb00000,0x000000076f580000)
 ParOldGen       total 175104K, used 0K [0x00000006c0000000, 0x00000006cab00000, 0x000000076ab00000)
  object space 175104K, 0% used [0x00000006c0000000,0x00000006c0000000,0x00000006cab00000)
 Metaspace       used 18275K, capacity 19222K, committed 19456K, reserved 1067008K
  class space    used 2550K, capacity 2741K, committed 2816K, reserved 1048576K
Event: 13.734 GC heap after
Heap after GC invocations=1 (full 0):
 PSYoungGen      total 76288K, used 10742K [0x000000076ab00000, 0x0000000770000000, 0x00000007c0000000)
  eden space 65536K, 0% used [0x000000076ab00000,0x000000076ab00000,0x000000076eb00000)
  from space 10752K, 99% used [0x000000076eb00000,0x000000076f57da58,0x000000076f580000)
  to   space 10752K, 0% used [0x000000076f580000,0x000000076f580000,0x0000000770000000)
 ParOldGen       total 175104K, used 8375K [0x00000006c0000000, 0x00000006cab00000, 0x000000076ab00000)
  object space 175104K, 4% used [0x00000006c0000000,0x00000006c082dfa0,0x00000006cab00000)
 Metaspace       used 18275K, capacity 19222K, committed 19456K, reserved 1067008K
  class space    used 2550K, capacity 2741K, committed 2816K, reserved 1048576K
}
Event: 21.424 GC heap before
{Heap before GC invocations=2 (full 0):
 PSYoungGen      total 76288K, used 45950K [0x000000076ab00000, 0x0000000770000000, 0x00000007c0000000)
  eden space 65536K, 53% used [0x000000076ab00000,0x000000076cd62178,0x000000076eb00000)
  from space 10752K, 99% used [0x000000076eb00000,0x000000076f57da58,0x000000076f580000)
  to   space 10752K, 0% used [0x000000076f580000,0x000000076f580000,0x0000000770000000)
 ParOldGen       total 175104K, used 8375K [0x00000006c0000000, 0x00000006cab00000, 0x000000076ab00000)
  object space 175104K, 4% used [0x00000006c0000000,0x00000006c082dfa0,0x00000006cab00000)
 Metaspace       used 19940K, capacity 21244K, committed 21296K, reserved 1067008K
  class space    used 2801K, capacity 3042K, committed 3072K, reserved 1048576K
Event: 21.471 GC heap after
Heap after GC invocations=2 (full 0):
 PSYoungGen      total 76288K, used 10750K [0x000000076ab00000, 0x0000000770000000, 0x00000007c0000000)
  eden space 65536K, 0% used [0x000000076ab00000,0x000000076ab00000,0x000000076eb00000)
  from space 10752K, 99% used [0x000000076f580000,0x000000076ffff828,0x0000000770000000)
  to   space 10752K, 0% used [0x000000076eb00000,0x000000076eb00000,0x000000076f580000)
 ParOldGen       total 175104K, used 27137K [0x00000006c0000000, 0x00000006cab00000, 0x000000076ab00000)
  object space 175104K, 15% used [0x00000006c0000000,0x00000006c1a804d8,0x00000006cab00000)
 Metaspace       used 19940K, capacity 21244K, committed 21296K, reserved 1067008K
  class space    used 2801K, capacity 3042K, committed 3072K, reserved 1048576K
}
Event: 21.471 GC heap before
{Heap before GC invocations=3 (full 1):
 PSYoungGen      total 76288K, used 10750K [0x000000076ab00000, 0x0000000770000000, 0x00000007c0000000)
  eden space 65536K, 0% used [0x000000076ab00000,0x000000076ab00000,0x000000076eb00000)
  from space 10752K, 99% used [0x000000076f580000,0x000000076ffff828,0x0000000770000000)
  to   space 10752K, 0% used [0x000000076eb00000,0x000000076eb00000,0x000000076f580000)
 ParOldGen       total 175104K, used 27137K [0x00000006c0000000, 0x00000006cab00000, 0x000000076ab00000)
  object space 175104K, 15% used [0x00000006c0000000,0x00000006c1a804d8,0x00000006cab00000)
 Metaspace       used 19940K, capacity 21244K, committed 21296K, reserved 1067008K
  class space    used 2801K, capacity 3042K, committed 3072K, reserved 1048576K
Event: 21.493 GC heap after
Heap after GC invocations=3 (full 1):
 PSYoungGen      total 76288K, used 0K [0x000000076ab00000, 0x0000000770000000, 0x00000007c0000000)
  eden space 65536K, 0% used [0x000000076ab00000,0x000000076ab00000,0x000000076eb00000)
  from space 10752K, 0% used [0x000000076f580000,0x000000076f580000,0x0000000770000000)
  to   space 10752K, 0% used [0x000000076eb00000,0x000000076eb00000,0x000000076f580000)
 ParOldGen       total 118784K, used 31588K [0x00000006c0000000, 0x00000006c7400000, 0x000000076ab00000)
  object space 118784K, 26% used [0x00000006c0000000,0x00000006c1ed93f0,0x00000006c7400000)
 Metaspace       used 19940K, capacity 21244K, committed 21296K, reserved 1067008K
  class space    used 2801K, capacity 3042K, committed 3072K, reserved 1048576K
}

Deoptimization events (10 events):
Event: 22.432 Thread 0x00007fd0db062800 Uncommon trap: reason=unstable_if action=reinterpret pc=0x000000011405f438 method=com.sun.javafx.css.StyleManager$CacheContainer.getStyleMap(I)Lcom/sun/javafx/css/StyleMap; @ 22
Event: 22.517 Thread 0x00007fd0db062800 Uncommon trap: reason=unstable_if action=reinterpret pc=0x0000000113eb1df8 method=javafx.scene.Node$MiscProperties.getEffect()Ljavafx/scene/effect/Effect; @ 4
Event: 22.531 Thread 0x00007fd0eb093800 Uncommon trap: reason=unstable_if action=reinterpret pc=0x0000000113c224e4 method=com.sun.javafx.geom.RectBounds.isEmpty()Z @ 21
Event: 23.434 Thread 0x00007fd0db062800 Uncommon trap: reason=class_check action=maybe_recompile pc=0x0000000113fda040 method=javafx.scene.CssStyleHelper.lookup(Ljavafx/css/Styleable;Ljavafx/css/CssMetaData;Lcom/sun/javafx/css/StyleMap;Ljava/util/Set;Ljavafx/css/Styleable;Lcom/sun/javafx/css/Ca
Event: 23.440 Thread 0x00007fd0db062800 Uncommon trap: reason=class_check action=maybe_recompile pc=0x0000000113fda040 method=javafx.scene.CssStyleHelper.lookup(Ljavafx/css/Styleable;Ljavafx/css/CssMetaData;Lcom/sun/javafx/css/StyleMap;Ljava/util/Set;Ljavafx/css/Styleable;Lcom/sun/javafx/css/Ca
Event: 23.446 Thread 0x00007fd0db062800 Uncommon trap: reason=array_check action=maybe_recompile pc=0x0000000114119fe4 method=com.sun.javafx.css.CompoundSelector.applies(Ljavafx/css/Styleable;[Ljava/util/Set;I)Z @ 128
Event: 23.446 Thread 0x00007fd0db062800 Uncommon trap: reason=array_check action=maybe_recompile pc=0x0000000114119fe4 method=com.sun.javafx.css.CompoundSelector.applies(Ljavafx/css/Styleable;[Ljava/util/Set;I)Z @ 128
Event: 23.446 Thread 0x00007fd0db062800 Uncommon trap: reason=array_check action=maybe_recompile pc=0x0000000114119fe4 method=com.sun.javafx.css.CompoundSelector.applies(Ljavafx/css/Styleable;[Ljava/util/Set;I)Z @ 128
Event: 23.447 Thread 0x00007fd0db062800 Uncommon trap: reason=array_check action=maybe_recompile pc=0x0000000114119fe4 method=com.sun.javafx.css.CompoundSelector.applies(Ljavafx/css/Styleable;[Ljava/util/Set;I)Z @ 128
Event: 23.447 Thread 0x00007fd0db062800 Uncommon trap: reason=class_check action=maybe_recompile pc=0x0000000113fda040 method=javafx.scene.CssStyleHelper.lookup(Ljavafx/css/Styleable;Ljavafx/css/CssMetaData;Lcom/sun/javafx/css/StyleMap;Ljava/util/Set;Ljavafx/css/Styleable;Lcom/sun/javafx/css/Ca

Classes redefined (0 events):
No events

Internal exceptions (10 events):
Event: 21.250 Thread 0x00007fd0db062800 Exception <a 'java/io/FileNotFoundException'> (0x000000076c5f5a40) thrown at [/System/Volumes/Data/jenkins/workspace/8-2-build-macosx-x86_64/jdk8u291/1294/hotspot/src/share/vm/prims/jni.cpp, line 710]
Event: 21.263 Thread 0x00007fd0db062800 Exception <a 'java/io/FileNotFoundException'> (0x000000076c60e928) thrown at [/System/Volumes/Data/jenkins/workspace/8-2-build-macosx-x86_64/jdk8u291/1294/hotspot/src/share/vm/prims/jni.cpp, line 710]
Event: 21.278 Thread 0x00007fd0db062800 Exception <a 'java/io/FileNotFoundException'> (0x000000076c618d00) thrown at [/System/Volumes/Data/jenkins/workspace/8-2-build-macosx-x86_64/jdk8u291/1294/hotspot/src/share/vm/prims/jni.cpp, line 710]
Event: 24.604 Thread 0x00007fd0db062800 Exception <a 'java/io/FileNotFoundException'> (0x000000076b1d29c8) thrown at [/System/Volumes/Data/jenkins/workspace/8-2-build-macosx-x86_64/jdk8u291/1294/hotspot/src/share/vm/prims/jni.cpp, line 710]
Event: 24.637 Thread 0x00007fd0db062800 Exception <a 'java/io/FileNotFoundException'> (0x000000076b216780) thrown at [/System/Volumes/Data/jenkins/workspace/8-2-build-macosx-x86_64/jdk8u291/1294/hotspot/src/share/vm/prims/jni.cpp, line 710]
Event: 24.643 Thread 0x00007fd0db062800 Exception <a 'java/io/FileNotFoundException'> (0x000000076b247f00) thrown at [/System/Volumes/Data/jenkins/workspace/8-2-build-macosx-x86_64/jdk8u291/1294/hotspot/src/share/vm/prims/jni.cpp, line 710]
Event: 24.650 Thread 0x00007fd0db062800 Exception <a 'java/io/FileNotFoundException'> (0x000000076b255088) thrown at [/System/Volumes/Data/jenkins/workspace/8-2-build-macosx-x86_64/jdk8u291/1294/hotspot/src/share/vm/prims/jni.cpp, line 710]
Event: 26.107 Thread 0x00007fd0db062800 Exception <a 'java/io/FileNotFoundException'> (0x000000076b75d7f0) thrown at [/System/Volumes/Data/jenkins/workspace/8-2-build-macosx-x86_64/jdk8u291/1294/hotspot/src/share/vm/prims/jni.cpp, line 710]
Event: 26.114 Thread 0x00007fd0db062800 Exception <a 'java/io/FileNotFoundException'> (0x000000076b7766d8) thrown at [/System/Volumes/Data/jenkins/workspace/8-2-build-macosx-x86_64/jdk8u291/1294/hotspot/src/share/vm/prims/jni.cpp, line 710]
Event: 26.128 Thread 0x00007fd0db062800 Exception <a 'java/io/FileNotFoundException'> (0x000000076b780ab0) thrown at [/System/Volumes/Data/jenkins/workspace/8-2-build-macosx-x86_64/jdk8u291/1294/hotspot/src/share/vm/prims/jni.cpp, line 710]

Events (10 events):
Event: 25.788 Thread 0x00007fd0cb00e800 Thread exited: 0x00007fd0cb00e800
Event: 25.865 Thread 0x00007fd0cb00e800 Thread added: 0x00007fd0cb00e800
Event: 26.093 Thread 0x00007fd0db062800 DEOPT PACKING pc=0x00000001139c9d6b sp=0x000000030dcf2690
Event: 26.093 Thread 0x00007fd0db062800 DEOPT UNPACKING pc=0x0000000113625384 sp=0x000000030dcf24c8 mode 0
Event: 26.972 Executing VM operation: RevokeBias
Event: 26.973 Executing VM operation: RevokeBias done
Event: 27.089 Thread 0x00007fd0eb093800 DEOPT PACKING pc=0x0000000113c23043 sp=0x000000030f2c1d80
Event: 27.089 Thread 0x00007fd0eb093800 DEOPT UNPACKING pc=0x0000000113625384 sp=0x000000030f2c1ac8 mode 0
Event: 27.765 Thread 0x00007fd0cb00e800 Thread exited: 0x00007fd0cb00e800
Event: 27.915 Thread 0x00007fd0cc837000 Thread added: 0x00007fd0cc837000


Dynamic libraries:
0x00007ffdffcc1000 	/Library/Apple/usr/libexec/oah/runtime
0x00007fff35142000 	/System/Library/Frameworks/Cocoa.framework/Versions/A/Cocoa
0x00007fff22114000 	/System/Library/Frameworks/Security.framework/Versions/A/Security
0x00007fff3334f000 	/System/Library/Frameworks/ApplicationServices.framework/Versions/A/ApplicationServices
0x00007fff2a5db000 	/usr/lib/libz.1.dylib
0x00007fff2a6a7000 	/usr/lib/libSystem.B.dylib
0x00007fff203d6000 	/System/Library/Frameworks/CoreFoundation.framework/Versions/A/CoreFoundation
0x00007fff210ad000 	/System/Library/Frameworks/Foundation.framework/Versions/C/Foundation
0x00007fff201f6000 	/usr/lib/libobjc.A.dylib
0x00007fff22b42000 	/System/Library/Frameworks/AppKit.framework/Versions/C/AppKit
0x00007fff25a29000 	/System/Library/Frameworks/CoreData.framework/Versions/A/CoreData
0x00007fff2388b000 	/System/Library/PrivateFrameworks/UIFoundation.framework/Versions/A/UIFoundation
0x00007fff2fe25000 	/System/Library/PrivateFrameworks/RemoteViewServices.framework/Versions/A/RemoteViewServices
0x00007fff28bd5000 	/System/Library/PrivateFrameworks/XCTTargetBootstrap.framework/Versions/A/XCTTargetBootstrap
0x00007fff2b927000 	/usr/lib/libspindump.dylib
0x00007fff23ada000 	/System/Library/Frameworks/UniformTypeIdentifiers.framework/Versions/A/UniformTypeIdentifiers
0x00007fff273d5000 	/usr/lib/libapp_launch_measurement.dylib
0x00007fff273d8000 	/System/Library/PrivateFrameworks/CoreAutoLayout.framework/Versions/A/CoreAutoLayout
0x00007fff28538000 	/System/Library/Frameworks/Metal.framework/Versions/A/Metal
0x00007fff29236000 	/usr/lib/liblangid.dylib
0x00007fff28bd9000 	/System/Library/PrivateFrameworks/CoreSVG.framework/Versions/A/CoreSVG
0x00007fff24b19000 	/System/Library/PrivateFrameworks/SkyLight.framework/Versions/A/SkyLight
0x00007fff24e7e000 	/System/Library/Frameworks/CoreGraphics.framework/Versions/A/CoreGraphics
0x00007fff3034c000 	/System/Library/Frameworks/Accelerate.framework/Versions/A/Accelerate
0x00007fff2b365000 	/System/Library/PrivateFrameworks/IconServices.framework/Versions/A/IconServices
0x00007fff2851c000 	/System/Library/Frameworks/IOSurface.framework/Versions/A/IOSurface
0x00007fff263bd000 	/usr/lib/libDiagnosticMessagesClient.dylib
0x00007fff28bc1000 	/System/Library/PrivateFrameworks/DFRFoundation.framework/Versions/A/DFRFoundation
0x00007fff22469000 	/usr/lib/libicucore.A.dylib
0x00007fff2ce6c000 	/System/Library/Frameworks/AudioToolbox.framework/Versions/A/AudioToolbox
0x00007fff2c0f6000 	/System/Library/PrivateFrameworks/DataDetectorsCore.framework/Versions/A/DataDetectorsCore
0x00007fff24a8d000 	/usr/lib/libMobileGestalt.dylib
0x00007fff288c5000 	/System/Library/Frameworks/Carbon.framework/Versions/A/Frameworks/HIToolbox.framework/Versions/A/HIToolbox
0x00007fff26e1b000 	/System/Library/Frameworks/QuartzCore.framework/Versions/A/QuartzCore
0x00007fff2fe5d000 	/System/Library/Frameworks/Carbon.framework/Versions/A/Frameworks/SpeechRecognition.framework/Versions/A/SpeechRecognition
0x00007fff2713a000 	/System/Library/PrivateFrameworks/CoreUI.framework/Versions/A/CoreUI
0x00007fff21a83000 	/System/Library/Frameworks/CoreAudio.framework/Versions/A/CoreAudio
0x00007fff264a8000 	/System/Library/Frameworks/DiskArbitration.framework/Versions/A/DiskArbitration
0x00007fff2bcf4000 	/System/Library/PrivateFrameworks/MultitouchSupport.framework/Versions/A/MultitouchSupport
0x00007fff2c0ed000 	/System/Library/PrivateFrameworks/InternationalSupport.framework/Versions/A/InternationalSupport
0x00007fff24a8c000 	/usr/lib/libenergytrace.dylib
0x00007fff22a39000 	/System/Library/Frameworks/IOKit.framework/Versions/A/IOKit
0x00007fff30190000 	/System/Library/Frameworks/CoreServices.framework/Versions/A/CoreServices
0x00007fff27367000 	/System/Library/PrivateFrameworks/PerformanceAnalysis.framework/Versions/A/PerformanceAnalysis
0x00007fff6bc52000 	/System/Library/Frameworks/OpenGL.framework/Versions/A/OpenGL
0x00007fff2c171000 	/System/Library/PrivateFrameworks/UserActivity.framework/Versions/A/UserActivity
0x00007fff25530000 	/System/Library/Frameworks/ColorSync.framework/Versions/A/ColorSync
0x00007fff28e44000 	/System/Library/Frameworks/CoreImage.framework/Versions/A/CoreImage
0x00007fff2189d000 	/System/Library/Frameworks/CoreText.framework/Versions/A/CoreText
0x00007fff28c03000 	/System/Library/Frameworks/ImageIO.framework/Versions/A/ImageIO
0x00007fff2a6ad000 	/System/Library/PrivateFrameworks/SoftLinking.framework/Versions/A/SoftLinking
0x00007fff27420000 	/usr/lib/libxml2.2.dylib
0x00007fff202bc000 	/usr/lib/libc++.1.dylib
0x00007fff2a91a000 	/usr/lib/libcompression.dylib
0x00007fff2c01f000 	/System/Library/PrivateFrameworks/TextureIO.framework/Versions/A/TextureIO
0x00007fff2b00a000 	/usr/lib/libate.dylib
0x00007fff2a6a1000 	/usr/lib/system/libcache.dylib
0x00007fff2a65d000 	/usr/lib/system/libcommonCrypto.dylib
0x00007fff2a687000 	/usr/lib/system/libcompiler_rt.dylib
0x00007fff2a67c000 	/usr/lib/system/libcopyfile.dylib
0x00007fff200e6000 	/usr/lib/system/libcorecrypto.dylib
0x00007fff201b1000 	/usr/lib/system/libdispatch.dylib
0x00007fff20364000 	/usr/lib/system/libdyld.dylib
0x00007fff2a698000 	/usr/lib/system/libkeymgr.dylib
0x00007fff2dc03000 	/usr/lib/system/liblaunch.dylib
0x00007fff2a63b000 	/usr/lib/system/libmacho.dylib
0x00007fff29e2f000 	/usr/lib/system/libquarantine.dylib
0x00007fff2a695000 	/usr/lib/system/libremovefile.dylib
0x00007fff24aea000 	/usr/lib/system/libsystem_asl.dylib
0x00007fff20096000 	/usr/lib/system/libsystem_blocks.dylib
0x00007fff20233000 	/usr/lib/system/libsystem_c.dylib
0x00007fff2a68f000 	/usr/lib/system/libsystem_collections.dylib
0x00007fff29227000 	/usr/lib/system/libsystem_configuration.dylib
0x00007fff2850b000 	/usr/lib/system/libsystem_containermanager.dylib
0x00007fff2a3da000 	/usr/lib/system/libsystem_coreservices.dylib
0x00007fff226c9000 	/usr/lib/system/libsystem_darwin.dylib
0x00007fff2a699000 	/usr/lib/system/libsystem_dnssd.dylib
0x00007fff20230000 	/usr/lib/system/libsystem_featureflags.dylib
0x00007fff203aa000 	/usr/lib/system/libsystem_info.dylib
0x00007fff2a5ee000 	/usr/lib/system/libsystem_m.dylib
0x00007fff20184000 	/usr/lib/system/libsystem_malloc.dylib
0x00007fff24a7d000 	/usr/lib/system/libsystem_networkextension.dylib
0x00007fff22ae8000 	/usr/lib/system/libsystem_notify.dylib
0x00007fff30092000 	/usr/lib/system/libsystem_product_info_filter.dylib
0x00007fff2922b000 	/usr/lib/system/libsystem_sandbox.dylib
0x00007fff2a692000 	/usr/lib/system/libsystem_secinit.dylib
0x00007fff20328000 	/usr/lib/system/libsystem_kernel.dylib
0x00007fff203a0000 	/usr/lib/system/libsystem_platform.dylib
0x00007fff20358000 	/usr/lib/system/libsystem_pthread.dylib
0x00007fff261f9000 	/usr/lib/system/libsystem_symptoms.dylib
0x00007fff200ce000 	/usr/lib/system/libsystem_trace.dylib
0x00007fff2a669000 	/usr/lib/system/libunwind.dylib
0x00007fff20098000 	/usr/lib/system/libxpc.dylib
0x00007fff20312000 	/usr/lib/libc++abi.dylib
0x00007fff2a674000 	/usr/lib/liboah.dylib
0x00007fff2ad36000 	/usr/lib/liblzma.5.dylib
0x00007fff20dc1000 	/System/Library/Frameworks/SystemConfiguration.framework/Versions/A/SystemConfiguration
0x00007fff2a6a9000 	/usr/lib/libfakelink.dylib
0x00007fff245de000 	/System/Library/Frameworks/CFNetwork.framework/Versions/A/CFNetwork
0x00007fff2a7e9000 	/usr/lib/libarchive.2.dylib
0x00007fff20e3f000 	/usr/lib/libCRFSuite.dylib
0x00007fff29e56000 	/usr/lib/libbsm.0.dylib
0x00007fff23f57000 	/usr/lib/libnetwork.dylib
0x00007fff2a6ae000 	/usr/lib/libpcap.A.dylib
0x00007fff261f2000 	/usr/lib/libdns_services.dylib
0x00007fff2ad4f000 	/usr/lib/libcoretls_cfhelpers.dylib
0x00007fff2a8e8000 	/usr/lib/libapple_nghttp2.dylib
0x00007fff2a641000 	/usr/lib/system/libkxld.dylib
0x00007fff25e70000 	/usr/lib/libsqlite3.dylib
0x00007fff2a3bd000 	/System/Library/PrivateFrameworks/AppleFSCompression.framework/Versions/A/AppleFSCompression
0x00007fff29e3e000 	/usr/lib/libcoretls.dylib
0x00007fff2a915000 	/usr/lib/libpam.2.dylib
0x00007fff2ae4d000 	/usr/lib/libxar.1.dylib
0x00007fff29232000 	/System/Library/PrivateFrameworks/AppleSystemInfo.framework/Versions/A/AppleSystemInfo
0x00007fff29a80000 	/System/Library/PrivateFrameworks/IOMobileFramebuffer.framework/Versions/A/IOMobileFramebuffer
0x00007fff2a3cd000 	/usr/lib/libbz2.1.0.dylib
0x00007fff2a6e6000 	/usr/lib/libiconv.2.dylib
0x00007fff2a63a000 	/usr/lib/libcharset.1.dylib
0x00007fff273a3000 	/System/Library/Frameworks/CoreServices.framework/Versions/A/Frameworks/FSEvents.framework/Versions/A/FSEvents
0x00007fff226d3000 	/System/Library/Frameworks/CoreServices.framework/Versions/A/Frameworks/CarbonCore.framework/Versions/A/CarbonCore
0x00007fff2640d000 	/System/Library/Frameworks/CoreServices.framework/Versions/A/Frameworks/Metadata.framework/Versions/A/Metadata
0x00007fff2a3df000 	/System/Library/Frameworks/CoreServices.framework/Versions/A/Frameworks/OSServices.framework/Versions/A/OSServices
0x00007fff2a85b000 	/System/Library/Frameworks/CoreServices.framework/Versions/A/Frameworks/SearchKit.framework/Versions/A/SearchKit
0x00007fff2617d000 	/System/Library/Frameworks/CoreServices.framework/Versions/A/Frameworks/AE.framework/Versions/A/AE
0x00007fff20874000 	/System/Library/Frameworks/CoreServices.framework/Versions/A/Frameworks/LaunchServices.framework/Versions/A/LaunchServices
0x00007fff2ace6000 	/System/Library/Frameworks/CoreServices.framework/Versions/A/Frameworks/DictionaryServices.framework/Versions/A/DictionaryServices
0x00007fff273b0000 	/System/Library/Frameworks/CoreServices.framework/Versions/A/Frameworks/SharedFileList.framework/Versions/A/SharedFileList
0x00007fff29e32000 	/usr/lib/libCheckFix.dylib
0x00007fff24b01000 	/System/Library/PrivateFrameworks/TCC.framework/Versions/A/TCC
0x00007fff29238000 	/System/Library/PrivateFrameworks/CoreNLP.framework/Versions/A/CoreNLP
0x00007fff263c0000 	/System/Library/PrivateFrameworks/MetadataUtilities.framework/Versions/A/MetadataUtilities
0x00007fff20e74000 	/usr/lib/libmecabra.dylib
0x00007fff2a13c000 	/System/Library/Frameworks/MLCompute.framework/Versions/A/MLCompute
0x00007fff29e67000 	/usr/lib/libmecab.dylib
0x00007fff29eb1000 	/usr/lib/libgermantok.dylib
0x00007fff2a8c3000 	/usr/lib/libThaiTokenizer.dylib
0x00007fff2ae88000 	/usr/lib/libChineseTokenizer.dylib
0x00007fff2a913000 	/System/Library/Frameworks/MetalPerformanceShaders.framework/Versions/A/MetalPerformanceShaders
0x00007fff264af000 	/System/Library/Frameworks/Accelerate.framework/Versions/A/Frameworks/vImage.framework/Versions/A/vImage
0x00007fff3016a000 	/System/Library/Frameworks/Accelerate.framework/Versions/A/Frameworks/vecLib.framework/Versions/A/vecLib
0x00007fff2ae93000 	/System/Library/Frameworks/Accelerate.framework/Versions/A/Frameworks/vecLib.framework/Versions/A/libvMisc.dylib
0x00007fff298e0000 	/System/Library/Frameworks/Accelerate.framework/Versions/A/Frameworks/vecLib.framework/Versions/A/libvDSP.dylib
0x00007fff20b7d000 	/System/Library/Frameworks/Accelerate.framework/Versions/A/Frameworks/vecLib.framework/Versions/A/libBLAS.dylib
0x00007fff2a941000 	/System/Library/Frameworks/Accelerate.framework/Versions/A/Frameworks/vecLib.framework/Versions/A/libLAPACK.dylib
0x00007fff29eb7000 	/System/Library/Frameworks/Accelerate.framework/Versions/A/Frameworks/vecLib.framework/Versions/A/libLinearAlgebra.dylib
0x00007fff2a900000 	/System/Library/Frameworks/Accelerate.framework/Versions/A/Frameworks/vecLib.framework/Versions/A/libSparseBLAS.dylib
0x00007fff2a93b000 	/System/Library/Frameworks/Accelerate.framework/Versions/A/Frameworks/vecLib.framework/Versions/A/libQuadrature.dylib
0x00007fff292e4000 	/System/Library/Frameworks/Accelerate.framework/Versions/A/Frameworks/vecLib.framework/Versions/A/libBNNS.dylib
0x00007fff20d52000 	/System/Library/Frameworks/Accelerate.framework/Versions/A/Frameworks/vecLib.framework/Versions/A/libSparse.dylib
0x00007fff291c0000 	/System/Library/Frameworks/MetalPerformanceShaders.framework/Versions/A/Frameworks/MPSCore.framework/Versions/A/MPSCore
0x00007fff2a32c000 	/System/Library/Frameworks/MetalPerformanceShaders.framework/Versions/A/Frameworks/MPSImage.framework/Versions/A/MPSImage
0x00007fff29ecd000 	/System/Library/Frameworks/MetalPerformanceShaders.framework/Versions/A/Frameworks/MPSNeuralNetwork.framework/Versions/A/MPSNeuralNetwork
0x00007fff2a29e000 	/System/Library/Frameworks/MetalPerformanceShaders.framework/Versions/A/Frameworks/MPSMatrix.framework/Versions/A/MPSMatrix
0x00007fff2a0ec000 	/System/Library/Frameworks/MetalPerformanceShaders.framework/Versions/A/Frameworks/MPSRayIntersector.framework/Versions/A/MPSRayIntersector
0x00007fff2a2d5000 	/System/Library/Frameworks/MetalPerformanceShaders.framework/Versions/A/Frameworks/MPSNDArray.framework/Versions/A/MPSNDArray
0x00007fff20aa9000 	/System/Library/PrivateFrameworks/MetalTools.framework/Versions/A/MetalTools
0x00007fff29230000 	/System/Library/PrivateFrameworks/AggregateDictionary.framework/Versions/A/AggregateDictionary
0x00007fff2638d000 	/System/Library/PrivateFrameworks/CoreAnalytics.framework/Versions/A/CoreAnalytics
0x00007fff2a8c5000 	/System/Library/PrivateFrameworks/AppleSauce.framework/Versions/A/AppleSauce
0x00007fff2852e000 	/System/Library/PrivateFrameworks/IOAccelerator.framework/Versions/A/IOAccelerator
0x00007fff6bc46000 	/System/Library/Frameworks/OpenGL.framework/Versions/A/Libraries/libCoreFSCache.dylib
0x00007fff2140c000 	/System/Library/PrivateFrameworks/LanguageModeling.framework/Versions/A/LanguageModeling
0x00007fff29a6e000 	/System/Library/PrivateFrameworks/CoreEmoji.framework/Versions/A/CoreEmoji
0x00007fff292dd000 	/System/Library/PrivateFrameworks/LinguisticData.framework/Versions/A/LinguisticData
0x00007fff20d04000 	/System/Library/PrivateFrameworks/Lexicon.framework/Versions/A/Lexicon
0x00007fff2a7d7000 	/usr/lib/libcmph.dylib
0x00007fff27383000 	/System/Library/Frameworks/OpenDirectory.framework/Versions/A/Frameworks/CFOpenDirectory.framework/Versions/A/CFOpenDirectory
0x00007fff27373000 	/System/Library/Frameworks/OpenDirectory.framework/Versions/A/OpenDirectory
0x00007fff2ad51000 	/System/Library/PrivateFrameworks/APFS.framework/Versions/A/APFS
0x00007fff29d94000 	/System/Library/Frameworks/SecurityFoundation.framework/Versions/A/SecurityFoundation
0x00007fff2ae5b000 	/usr/lib/libutil.dylib
0x00007fff229fe000 	/System/Library/PrivateFrameworks/CoreServicesStore.framework/Versions/A/CoreServicesStore
0x00007fff29e2a000 	/System/Library/Frameworks/ServiceManagement.framework/Versions/A/ServiceManagement
0x00007fff2ae5f000 	/usr/lib/libxslt.1.dylib
0x00007fff29e20000 	/System/Library/PrivateFrameworks/BackgroundTaskManagement.framework/Versions/A/BackgroundTaskManagement
0x00007fff2bf6a000 	/System/Library/Frameworks/ImageIO.framework/Versions/A/Resources/libRadiance.dylib
0x00007fff2bf73000 	/System/Library/Frameworks/ImageIO.framework/Versions/A/Resources/libJPEG.dylib
0x00007fff2bebe000 	/System/Library/Frameworks/ImageIO.framework/Versions/A/Resources/libPng.dylib
0x00007fff2bee5000 	/System/Library/Frameworks/ImageIO.framework/Versions/A/Resources/libTIFF.dylib
0x00007fff2bfc8000 	/System/Library/Frameworks/ImageIO.framework/Versions/A/Resources/libGIF.dylib
0x00007fff2bc11000 	/System/Library/Frameworks/ImageIO.framework/Versions/A/Resources/libJP2.dylib
0x00007fff2b32d000 	/usr/lib/libexpat.1.dylib
0x00007fff2bbc7000 	/System/Library/PrivateFrameworks/AppleJPEG.framework/Versions/A/AppleJPEG
0x00007fff28764000 	/System/Library/PrivateFrameworks/FontServices.framework/libFontParser.dylib
0x00007fff26134000 	/System/Library/PrivateFrameworks/RunningBoardServices.framework/Versions/A/RunningBoardServices
0x00007fff2bcf0000 	/System/Library/PrivateFrameworks/WatchdogClient.framework/Versions/A/WatchdogClient
0x00007fff214f5000 	/System/Library/Frameworks/CoreDisplay.framework/Versions/A/CoreDisplay
0x00007fff28679000 	/System/Library/Frameworks/CoreMedia.framework/Versions/A/CoreMedia
0x00007fff27503000 	/System/Library/Frameworks/CoreVideo.framework/Versions/A/CoreVideo
0x00007fff2bd2b000 	/System/Library/Frameworks/VideoToolbox.framework/Versions/A/VideoToolbox
0x00007fff260b4000 	/System/Library/PrivateFrameworks/BaseBoard.framework/Versions/A/BaseBoard
0x00007fff2b471000 	/System/Library/PrivateFrameworks/PersistentConnection.framework/Versions/A/PersistentConnection
0x00007fff25e5a000 	/System/Library/PrivateFrameworks/ProtocolBuffer.framework/Versions/A/ProtocolBuffer
0x00007fff2609c000 	/System/Library/PrivateFrameworks/CommonUtilities.framework/Versions/A/CommonUtilities
0x00007fff2bb8a000 	/System/Library/PrivateFrameworks/Bom.framework/Versions/A/Bom
0x00007fff2bf62000 	/System/Library/PrivateFrameworks/GPUWrangler.framework/Versions/A/GPUWrangler
0x00007fff2bf45000 	/System/Library/PrivateFrameworks/IOPresentment.framework/Versions/A/IOPresentment
0x00007fff2bf6d000 	/System/Library/PrivateFrameworks/DSExternalDisplay.framework/Versions/A/DSExternalDisplay
0x00007fff2bfcd000 	/System/Library/PrivateFrameworks/CMCaptureCore.framework/Versions/A/CMCaptureCore
0x00007fff2b90d000 	/System/Library/PrivateFrameworks/AppServerSupport.framework/Versions/A/AppServerSupport
0x00007fff2d9a6000 	/System/Library/PrivateFrameworks/perfdata.framework/Versions/A/perfdata
0x00007fff29d83000 	/System/Library/PrivateFrameworks/AssertionServices.framework/Versions/A/AssertionServices
0x00007fff2162c000 	/System/Library/PrivateFrameworks/AudioToolboxCore.framework/Versions/A/AudioToolboxCore
0x00007fff2865c000 	/System/Library/PrivateFrameworks/caulk.framework/Versions/A/caulk
0x00007fff3cdde000 	/System/Library/PrivateFrameworks/SystemPolicy.framework/Versions/A/SystemPolicy
0x00007fff2b13c000 	/usr/lib/libIOReport.dylib
0x00007fff2d1e2000 	/usr/lib/libSMC.dylib
0x00007fff2be8a000 	/usr/lib/libAudioToolboxUtility.dylib
0x00007fff3d738000 	/usr/lib/libmis.dylib
0x00007fff6bca2000 	/System/Library/Frameworks/OpenGL.framework/Versions/A/Libraries/libGLU.dylib
0x00007fff6bc65000 	/System/Library/Frameworks/OpenGL.framework/Versions/A/Libraries/libGFXShared.dylib
0x00007fff6be73000 	/System/Library/Frameworks/OpenGL.framework/Versions/A/Libraries/libGL.dylib
0x00007fff6bc6e000 	/System/Library/Frameworks/OpenGL.framework/Versions/A/Libraries/libGLImage.dylib
0x00007fff6bc62000 	/System/Library/Frameworks/OpenGL.framework/Versions/A/Libraries/libCVMSPluginSupport.dylib
0x00007fff6bc4d000 	/System/Library/Frameworks/OpenGL.framework/Versions/A/Libraries/libCoreVMClient.dylib
0x00007fff6d2bd000 	/System/Library/Frameworks/OpenCL.framework/Versions/A/OpenCL
0x00007fff2b49a000 	/System/Library/PrivateFrameworks/GraphVisualizer.framework/Versions/A/GraphVisualizer
0x00007fff2b4a9000 	/System/Library/PrivateFrameworks/FaceCore.framework/Versions/A/FaceCore
0x00007fff2b8c5000 	/System/Library/PrivateFrameworks/OTSVG.framework/Versions/A/OTSVG
0x00007fff270f8000 	/System/Library/Frameworks/ApplicationServices.framework/Versions/A/Frameworks/ATS.framework/Versions/A/Resources/libFontRegistry.dylib
0x00007fff2b914000 	/System/Library/PrivateFrameworks/FontServices.framework/libhvf.dylib
0x00007fff2b2d9000 	/System/Library/PrivateFrameworks/AppleVA.framework/Versions/A/AppleVA
0x00007fff2d02a000 	/System/Library/Frameworks/ApplicationServices.framework/Versions/A/Frameworks/ATS.framework/Versions/A/ATS
0x00007fff2d33d000 	/System/Library/Frameworks/ApplicationServices.framework/Versions/A/Frameworks/ColorSyncLegacy.framework/Versions/A/ColorSyncLegacy
0x00007fff25627000 	/System/Library/Frameworks/ApplicationServices.framework/Versions/A/Frameworks/HIServices.framework/Versions/A/HIServices
0x00007fff2d322000 	/System/Library/Frameworks/ApplicationServices.framework/Versions/A/Frameworks/LangAnalysis.framework/Versions/A/LangAnalysis
0x00007fff2bfd7000 	/System/Library/Frameworks/ApplicationServices.framework/Versions/A/Frameworks/PrintCore.framework/Versions/A/PrintCore
0x00007fff2d345000 	/System/Library/Frameworks/ApplicationServices.framework/Versions/A/Frameworks/QD.framework/Versions/A/QD
0x00007fff2d01a000 	/System/Library/Frameworks/ApplicationServices.framework/Versions/A/Frameworks/SpeechSynthesis.framework/Versions/A/SpeechSynthesis
0x00007fff2bf98000 	/System/Library/Frameworks/ApplicationServices.framework/Versions/A/Frameworks/ATSUI.framework/Versions/A/ATSUI
0x00007fff2d2c2000 	/usr/lib/libcups.2.dylib
0x00007fff2d332000 	/System/Library/PrivateFrameworks/NetAuth.framework/Versions/A/NetAuth
0x00007fff2d9c1000 	/System/Library/Frameworks/Kerberos.framework/Versions/A/Kerberos
0x00007fff2d9d1000 	/System/Library/Frameworks/GSS.framework/Versions/A/GSS
0x00007fff2d097000 	/usr/lib/libresolv.9.dylib
0x00007fff2b92a000 	/System/Library/PrivateFrameworks/Heimdal.framework/Versions/A/Heimdal
0x00007fff33664000 	/System/Library/Frameworks/Kerberos.framework/Versions/A/Libraries/libHeimdalProxy.dylib
0x00007fff26201000 	/System/Library/Frameworks/Network.framework/Versions/A/Network
0x00007fff2b346000 	/usr/lib/libheimdal-asn1.dylib
0x00007fff2da22000 	/System/Library/PrivateFrameworks/CommonAuth.framework/Versions/A/CommonAuth
0x00007fff27551000 	/System/Library/PrivateFrameworks/login.framework/Versions/A/Frameworks/loginsupport.framework/Versions/A/loginsupport
0x00007fff2cfa1000 	/System/Library/PrivateFrameworks/AudioSession.framework/Versions/A/AudioSession
0x00007fff2d007000 	/usr/lib/libAudioStatistics.dylib
0x00007fff2b3d2000 	/System/Library/PrivateFrameworks/MediaExperience.framework/Versions/A/MediaExperience
0x00007fff2ce3a000 	/System/Library/PrivateFrameworks/AudioSession.framework/libSessionUtility.dylib
0x00007fff2d9b2000 	/usr/lib/libperfcheck.dylib
0x00007fff2d351000 	/System/Library/PrivateFrameworks/AudioResourceArbitration.framework/Versions/A/AudioResourceArbitration
0x00007fff2b350000 	/System/Library/PrivateFrameworks/IconFoundation.framework/Versions/A/IconFoundation
0x00007fff2fe4d000 	/System/Library/PrivateFrameworks/SpeechRecognitionCore.framework/Versions/A/SpeechRecognitionCore
0x0000000111800000 	/Library/Internet Plug-Ins/JavaAppletPlugin.plugin/Contents/Home/lib/server/libjvm.dylib
0x000000010d04e000 	/Library/Internet Plug-Ins/JavaAppletPlugin.plugin/Contents/Home/lib/libverify.dylib
0x000000010d072000 	/Library/Internet Plug-Ins/JavaAppletPlugin.plugin/Contents/Home/lib/libjava.dylib
0x000000010d13b000 	/Library/Internet Plug-Ins/JavaAppletPlugin.plugin/Contents/Home/lib/libzip.dylib
0x000000012e3d8000 	/Library/Internet Plug-Ins/JavaAppletPlugin.plugin/Contents/Home/lib/libprism_es2.dylib
0x00007fff229bf000 	/System/Library/PrivateFrameworks/CoreServicesInternal.framework/Versions/A/CoreServicesInternal
0x00007fff6be7e000 	/System/Library/Frameworks/OpenGL.framework/Versions/A/Resources/GLEngine.bundle/GLEngine
0x00007fff6bcdf000 	/System/Library/Frameworks/OpenGL.framework/Versions/A/Libraries/libGLProgrammability.dylib
0x000000012e4a4000 	/System/Library/Extensions/AppleMetalOpenGLRenderer.bundle/Contents/MacOS/AppleMetalOpenGLRenderer
0x00007fff6bffc000 	/System/Library/Frameworks/OpenGL.framework/Versions/A/Resources/GLRendererFloat.bundle/GLRendererFloat
0x000000012e621000 	/System/Library/Extensions/AGXMetal13_3.bundle/Contents/MacOS/AGXMetal13_3
0x00007fff38768000 	/System/Library/PrivateFrameworks/IOGPU.framework/Versions/A/IOGPU
0x00007fff697fb000 	/System/Library/PrivateFrameworks/GPUCompiler.framework/Versions/31001/Libraries/libmetal_timestamp.dylib
0x000000012fa91000 	/Library/Internet Plug-Ins/JavaAppletPlugin.plugin/Contents/Home/lib/libglass.dylib
0x00007fff311d4000 	/System/Library/Frameworks/FileProvider.framework/Versions/A/FileProvider
0x00007fff2601f000 	/System/Library/Frameworks/Accounts.framework/Versions/A/Accounts
0x00007fff31324000 	/System/Library/PrivateFrameworks/GenerationalStorage.framework/Versions/A/GenerationalStorage
0x00007fff31cbe000 	/System/Library/PrivateFrameworks/CoreSymbolication.framework/Versions/A/CoreSymbolication
0x00007fff30bf4000 	/System/Library/PrivateFrameworks/SymptomDiagnosticReporter.framework/Versions/A/SymptomDiagnosticReporter
0x00007fff23aed000 	/System/Library/PrivateFrameworks/DesktopServicesPriv.framework/Versions/A/DesktopServicesPriv
0x00007fff22af4000 	/usr/lib/libsandbox.1.dylib
0x00007fff2757c000 	/System/Library/PrivateFrameworks/UserManagement.framework/Versions/A/UserManagement
0x00007fff29d60000 	/System/Library/PrivateFrameworks/MobileKeyBag.framework/Versions/A/MobileKeyBag
0x00007fff346e6000 	/System/Library/PrivateFrameworks/ChunkingLibrary.framework/Versions/A/ChunkingLibrary
0x00007fff31c82000 	/System/Library/PrivateFrameworks/DebugSymbols.framework/Versions/A/DebugSymbols
0x00007fff2e3e5000 	/System/Library/PrivateFrameworks/Sharing.framework/Versions/A/Sharing
0x00007fff32c66000 	/System/Library/PrivateFrameworks/Apple80211.framework/Versions/A/Apple80211
0x00007fff2a40d000 	/System/Library/PrivateFrameworks/AuthKit.framework/Versions/A/AuthKit
0x00007fff29b5e000 	/System/Library/PrivateFrameworks/CoreUtils.framework/Versions/A/CoreUtils
0x00007fff29a8b000 	/System/Library/Frameworks/CoreWLAN.framework/Versions/A/CoreWLAN
0x00007fff2e531000 	/System/Library/Frameworks/IOBluetooth.framework/Versions/A/IOBluetooth
0x00007fff32cca000 	/System/Library/PrivateFrameworks/CoreWiFi.framework/Versions/A/CoreWiFi
0x00007fff2daa8000 	/System/Library/PrivateFrameworks/CorePhoneNumbers.framework/Versions/A/CorePhoneNumbers
0x00007fff30cfb000 	/System/Library/PrivateFrameworks/DiskManagement.framework/Versions/A/DiskManagement
0x00007fff30c11000 	/System/Library/PrivateFrameworks/AppleIDAuthSupport.framework/Versions/A/AppleIDAuthSupport
0x00007fff2da88000 	/System/Library/PrivateFrameworks/KeychainCircle.framework/Versions/A/KeychainCircle
0x00007fff30cc7000 	/System/Library/PrivateFrameworks/MediaKit.framework/Versions/A/MediaKit
0x00007fff30c1e000 	/System/Library/Frameworks/DiscRecording.framework/Versions/A/DiscRecording
0x00007fff2b24d000 	/usr/lib/libCoreStorage.dylib
0x00007fff33105000 	/usr/lib/libcsfde.dylib
0x00007fff2e66c000 	/System/Library/PrivateFrameworks/ProtectedCloudStorage.framework/Versions/A/ProtectedCloudStorage
0x00007fff330fd000 	/System/Library/PrivateFrameworks/EFILogin.framework/Versions/A/EFILogin
0x00007fff33717000 	/System/Library/Frameworks/AudioUnit.framework/Versions/A/AudioUnit
0x00007fff30b8e000 	/System/Library/Frameworks/CoreBluetooth.framework/Versions/A/CoreBluetooth
0x00007fff2b245000 	/usr/lib/libMatch.1.dylib
0x0000000131806000 	/usr/lib/libobjc-trampolines.dylib
0x00007fff413fa000 	/System/Library/Frameworks/Accelerate.framework/Versions/A/Frameworks/vImage.framework/Versions/A/Libraries/libCGInterfaces.dylib
0x00007fff2727b000 	/System/Library/PrivateFrameworks/ViewBridge.framework/Versions/A/ViewBridge
0x00007fff2b9eb000 	/System/Library/PrivateFrameworks/login.framework/Versions/A/login
0x00000001336b1000 	/Library/Internet Plug-Ins/JavaAppletPlugin.plugin/Contents/Home/lib/libjavafx_font.dylib
0x00007fff77abb000 	/usr/lib/libRosetta.dylib
0x00000001353cc000 	/Library/Internet Plug-Ins/JavaAppletPlugin.plugin/Contents/Home/lib/libprism_common.dylib
0x0000000138905000 	/Library/Internet Plug-Ins/JavaAppletPlugin.plugin/Contents/Home/lib/libjavafx_iio.dylib
0x00007fff303ca000 	/System/Library/PrivateFrameworks/SystemAdministration.framework/Versions/A/SystemAdministration
0x00007fff2c1cf000 	/System/Library/Frameworks/MediaToolbox.framework/Versions/A/MediaToolbox
0x00007fff2fe19000 	/System/Library/Frameworks/DirectoryService.framework/Versions/A/DirectoryService
0x00007fff32fa5000 	/System/Library/PrivateFrameworks/DiskImages.framework/Versions/A/DiskImages
0x00007fff33178000 	/System/Library/PrivateFrameworks/LoginUIKit.framework/Versions/A/Frameworks/LoginUICore.framework/Versions/A/LoginUICore
0x00007fff2bb86000 	/usr/lib/libodfde.dylib
0x00007fff311a6000 	/System/Library/PrivateFrameworks/CoreAVCHD.framework/Versions/A/CoreAVCHD
0x00007fff3038d000 	/System/Library/Frameworks/MediaAccessibility.framework/Versions/A/MediaAccessibility
0x00007fff311a2000 	/System/Library/PrivateFrameworks/Mangrove.framework/Versions/A/Mangrove
0x00007fff30399000 	/System/Library/PrivateFrameworks/AlgosScoreFramework.framework/Versions/A/AlgosScoreFramework
0x00007fff31b90000 	/System/Library/PrivateFrameworks/AppleVPA.framework/Versions/A/AppleVPA
0x00007fff30de7000 	/System/Library/PrivateFrameworks/CoreAUC.framework/Versions/A/CoreAUC
0x00007fff33111000 	/usr/lib/libcurl.4.dylib
0x00007fff32e71000 	/usr/lib/libcrypto.44.dylib
0x00007fff32f77000 	/usr/lib/libssl.46.dylib
0x00007fff32e37000 	/System/Library/Frameworks/LDAP.framework/Versions/A/LDAP
0x00007fff32e6f000 	/System/Library/PrivateFrameworks/TrustEvaluationAgent.framework/Versions/A/TrustEvaluationAgent
0x00007fff2d0b0000 	/usr/lib/libsasl2.2.dylib
0x00007fff303be000 	/System/Library/PrivateFrameworks/CoreDaemon.framework/Versions/B/CoreDaemon
0x00007fff303b9000 	/System/Library/PrivateFrameworks/AppleSRP.framework/Versions/A/AppleSRP

VM Arguments:
jvm_args: -Dfile.encoding=UTF-8 
java_command: ui.Main
java_class_path (initial): /Users/esteban/Documents/Codding/APO2-TI3-parque-del-cafe/bin
Launcher Type: SUN_STANDARD

Environment Variables:
PATH=/usr/bin:/bin:/usr/sbin:/sbin
SHELL=/bin/zsh

Signal Handlers:
SIGSEGV: [libjvm.dylib+0x59afc1], sa_mask[0]=11111111111111111111111111111111, sa_flags=SA_ONSTACK|SA_RESTART|SA_SIGINFO
SIGBUS: [libjvm.dylib+0x59afc1], sa_mask[0]=11111111111111111111111111111111, sa_flags=SA_RESTART|SA_SIGINFO
SIGFPE: [libjvm.dylib+0x48e907], sa_mask[0]=11111111111111111111111111111111, sa_flags=SA_RESTART|SA_SIGINFO
SIGPIPE: [libjvm.dylib+0x48e907], sa_mask[0]=11111111111111111111111111111111, sa_flags=SA_RESTART|SA_SIGINFO
SIGXFSZ: [libjvm.dylib+0x48e907], sa_mask[0]=11111111111111111111111111111111, sa_flags=SA_RESTART|SA_SIGINFO
SIGILL: [libjvm.dylib+0x48e907], sa_mask[0]=11111111111111111111111111111111, sa_flags=SA_RESTART|SA_SIGINFO
SIGUSR1: SIG_DFL, sa_mask[0]=00000000000000000000000000000000, sa_flags=none
SIGUSR2: [libjvm.dylib+0x48f1f6], sa_mask[0]=00100000000000000000000000000000, sa_flags=SA_RESTART|SA_SIGINFO
SIGHUP: [libjvm.dylib+0x48d453], sa_mask[0]=11111111111111111111111111111111, sa_flags=SA_RESTART|SA_SIGINFO
SIGINT: [libjvm.dylib+0x48d453], sa_mask[0]=11111111111111111111111111111111, sa_flags=SA_RESTART|SA_SIGINFO
SIGTERM: [libjvm.dylib+0x48d453], sa_mask[0]=11111111111111111111111111111111, sa_flags=SA_RESTART|SA_SIGINFO
SIGQUIT: [libjvm.dylib+0x48d453], sa_mask[0]=11111111111111111111111111111111, sa_flags=SA_RESTART|SA_SIGINFO


---------------  S Y S T E M  ---------------

OS:Bsduname:Darwin 20.5.0 Darwin Kernel Version 20.5.0: Sat May  8 05:10:31 PDT 2021; root:xnu-7195.121.3~9/RELEASE_ARM64_T8101 x86_64
rlimit: STACK 8176k, CORE 0k, NPROC 2666, NOFILE 10240, AS infinity
load average:2.03 2.26 2.21

CPU:total 8 (initial active 8) (1 cores per cpu, 1 threads per core) family 6 model 44 stepping 0, cmov, cx8, fxsr, mmx, sse, sse2, sse3, ssse3, sse4.1, sse4.2, popcnt, aes, clmul, tsc, tscinvbit, tscinv

Memory: 4k page, physical 16777216k(17708k free)

/proc/meminfo:


vm_info: Java HotSpot(TM) 64-Bit Server VM (25.291-b10) for bsd-amd64 JRE (1.8.0_291-b10), built on Apr  8 2021 02:17:24 by "java_re" with gcc 4.2.1 Compatible Apple LLVM 11.0.0 (clang-1100.0.33.17)

time: Mon Jun  7 13:49:09 2021
timezone: -05
elapsed time: 27.995402 seconds (0d 0h 0m 27s)

